{"numFailedTestSuites":7,"numFailedTests":25,"numPassedTestSuites":15,"numPassedTests":597,"numPendingTestSuites":0,"numPendingTests":0,"numRuntimeErrorTestSuites":0,"numTodoTests":0,"numTotalTestSuites":22,"numTotalTests":622,"openHandles":[],"snapshot":{"added":0,"didUpdate":false,"failure":false,"filesAdded":0,"filesRemoved":0,"filesRemovedList":[],"filesUnmatched":0,"filesUpdated":0,"matched":0,"total":0,"unchecked":0,"uncheckedKeysByFile":[],"unmatched":0,"updated":0},"startTime":1782452667285,"success":false,"testResults":[{"assertionResults":[{"ancestorTitles":["camera-context"],"duration":7,"failing":false,"failureDetails":[],"failureMessages":[],"fullName":"camera-context recognizes loopback hostnames","invocations":1,"location":null,"numPassingAsserts":5,"retryReasons":[],"startAt":1782452668855,"status":"passed","title":"recognizes loopback hostnames"},{"ancestorTitles":["camera-context"],"duration":1,"failing":false,"failureDetails":[],"failureMessages":[],"fullName":"camera-context allows camera on secure contexts and loopback hosts","invocations":1,"location":null,"numPassingAsserts":3,"retryReasons":[],"startAt":1782452668862,"status":"passed","title":"allows camera on secure contexts and loopback hosts"},{"ancestorTitles":["camera-context"],"duration":3,"failing":false,"failureDetails":[{"matcherResult":{"message":"expect(received).toContain(expected) // indexOf\n\nExpected substring: \"npm run dev:https\"\nReceived string:    \"Camera access requires a secure context. On Vercel (HTTPS) this works automatically. On localhost, navigate to http://localhost:3000 and open /kiosk/qr (not an IP address or 0.0.0.0).\"","pass":false}}],"failureMessages":["Error: expect(received).toContain(expected) // indexOf\n\nExpected substring: \"npm run dev:https\"\nReceived string:    \"Camera access requires a secure context. On Vercel (HTTPS) this works automatically. On localhost, navigate to http://localhost:3000 and open /kiosk/qr (not an IP address or 0.0.0.0).\"\n    at Object.toContain (C:\\Users\\Janeu\\Intern\\NexHRMS-v2\\src\\__tests__\\lib\\camera-context.test.ts:19:46)\n    at Promise.finally.completed (C:\\Users\\Janeu\\Intern\\NexHRMS-v2\\node_modules\\jest-circus\\build\\jestAdapterInit.js:1557:28)\n    at new Promise (<anonymous>)\n    at callAsyncCircusFn (C:\\Users\\Janeu\\Intern\\NexHRMS-v2\\node_modules\\jest-circus\\build\\jestAdapterInit.js:1497:10)\n    at _callCircusTest (C:\\Users\\Janeu\\Intern\\NexHRMS-v2\\node_modules\\jest-circus\\build\\jestAdapterInit.js:1007:40)\n    at processTicksAndRejections (node:internal/process/task_queues:104:5)\n    at _runTest (C:\\Users\\Janeu\\Intern\\NexHRMS-v2\\node_modules\\jest-circus\\build\\jestAdapterInit.js:947:3)\n    at C:\\Users\\Janeu\\Intern\\NexHRMS-v2\\node_modules\\jest-circus\\build\\jestAdapterInit.js:849:7\n    at _runTestsForDescribeBlock (C:\\Users\\Janeu\\Intern\\NexHRMS-v2\\node_modules\\jest-circus\\build\\jestAdapterInit.js:862:11)\n    at _runTestsForDescribeBlock (C:\\Users\\Janeu\\Intern\\NexHRMS-v2\\node_modules\\jest-circus\\build\\jestAdapterInit.js:857:11)\n    at run (C:\\Users\\Janeu\\Intern\\NexHRMS-v2\\node_modules\\jest-circus\\build\\jestAdapterInit.js:761:3)\n    at runAndTransformResultsToJestFormat (C:\\Users\\Janeu\\Intern\\NexHRMS-v2\\node_modules\\jest-circus\\build\\jestAdapterInit.js:1918:21)\n    at jestAdapter (C:\\Users\\Janeu\\Intern\\NexHRMS-v2\\node_modules\\jest-circus\\build\\runner.js:101:19)\n    at runTestInternal (C:\\Users\\Janeu\\Intern\\NexHRMS-v2\\node_modules\\jest-runner\\build\\testWorker.js:275:16)\n    at runTest (C:\\Users\\Janeu\\Intern\\NexHRMS-v2\\node_modules\\jest-runner\\build\\testWorker.js:343:7)\n    at Object.worker (C:\\Users\\Janeu\\Intern\\NexHRMS-v2\\node_modules\\jest-runner\\build\\testWorker.js:497:12)"],"fullName":"camera-context returns a useful HTTPS hint","invocations":1,"location":null,"numPassingAsserts":0,"retryReasons":[],"startAt":1782452668863,"status":"failed","title":"returns a useful HTTPS hint"}],"endTime":1782452668890,"message":"  ● camera-context › returns a useful HTTPS hint\n\n    expect(received).toContain(expected) // indexOf\n\n    Expected substring: \"npm run dev:https\"\n    Received string:    \"Camera access requires a secure context. On Vercel (HTTPS) this works automatically. On localhost, navigate to http://localhost:3000 and open /kiosk/qr (not an IP address or 0.0.0.0).\"\n\n    \u001b[0m \u001b[90m 17 |\u001b[39m\n     \u001b[90m 18 |\u001b[39m     it(\u001b[32m\"returns a useful HTTPS hint\"\u001b[39m\u001b[33m,\u001b[39m () \u001b[33m=>\u001b[39m {\n    \u001b[31m\u001b[1m>\u001b[22m\u001b[39m\u001b[90m 19 |\u001b[39m         expect(cameraHttpsHint(\u001b[32m\"/kiosk/qr\"\u001b[39m))\u001b[33m.\u001b[39mtoContain(\u001b[32m\"npm run dev:https\"\u001b[39m)\u001b[33m;\u001b[39m\n     \u001b[90m    |\u001b[39m                                              \u001b[31m\u001b[1m^\u001b[22m\u001b[39m\n     \u001b[90m 20 |\u001b[39m         expect(cameraHttpsHint(\u001b[32m\"/kiosk/qr\"\u001b[39m))\u001b[33m.\u001b[39mtoContain(\u001b[32m\"/kiosk/qr\"\u001b[39m)\u001b[33m;\u001b[39m\n     \u001b[90m 21 |\u001b[39m     })\u001b[33m;\u001b[39m\n     \u001b[90m 22 |\u001b[39m })\u001b[33m;\u001b[39m\u001b[0m\n\n      at Object.toContain (src/__tests__/lib/camera-context.test.ts:19:46)\n","name":"C:\\Users\\Janeu\\Intern\\NexHRMS-v2\\src\\__tests__\\lib\\camera-context.test.ts","startTime":1782452667988,"status":"failed","summary":""},{"assertionResults":[{"ancestorTitles":["Deduction Computation","computeDeductionAmount"],"duration":5,"failing":false,"failureDetails":[],"failureMessages":[],"fullName":"Deduction Computation computeDeductionAmount fixed mode returns exact value","invocations":1,"location":null,"numPassingAsserts":1,"retryReasons":[],"startAt":1782452668857,"status":"passed","title":"fixed mode returns exact value"},{"ancestorTitles":["Deduction Computation","computeDeductionAmount"],"duration":1,"failing":false,"failureDetails":[],"failureMessages":[],"fullName":"Deduction Computation computeDeductionAmount percentage mode calculates correctly","invocations":1,"location":null,"numPassingAsserts":1,"retryReasons":[],"startAt":1782452668863,"status":"passed","title":"percentage mode calculates correctly"},{"ancestorTitles":["Deduction Computation","computeDeductionAmount"],"duration":0,"failing":false,"failureDetails":[],"failureMessages":[],"fullName":"Deduction Computation computeDeductionAmount daily mode multiplies by days worked","invocations":1,"location":null,"numPassingAsserts":1,"retryReasons":[],"startAt":1782452668864,"status":"passed","title":"daily mode multiplies by days worked"},{"ancestorTitles":["Deduction Computation","computeDeductionAmount"],"duration":0,"failing":false,"failureDetails":[],"failureMessages":[],"fullName":"Deduction Computation computeDeductionAmount hourly mode multiplies by hours worked","invocations":1,"location":null,"numPassingAsserts":1,"retryReasons":[],"startAt":1782452668865,"status":"passed","title":"hourly mode multiplies by hours worked"},{"ancestorTitles":["Deduction Computation","computeDeductionAmount"],"duration":0,"failing":false,"failureDetails":[],"failureMessages":[],"fullName":"Deduction Computation computeDeductionAmount inactive template returns 0","invocations":1,"location":null,"numPassingAsserts":1,"retryReasons":[],"startAt":1782452668865,"status":"passed","title":"inactive template returns 0"},{"ancestorTitles":["Deduction Computation","computeDeductionAmount"],"duration":0,"failing":false,"failureDetails":[],"failureMessages":[],"fullName":"Deduction Computation computeDeductionAmount percentage rounds to 2 decimal places","invocations":1,"location":null,"numPassingAsserts":1,"retryReasons":[],"startAt":1782452668866,"status":"passed","title":"percentage rounds to 2 decimal places"},{"ancestorTitles":["Deduction Computation","employeeMeetsConditions"],"duration":1,"failing":false,"failureDetails":[],"failureMessages":[],"fullName":"Deduction Computation employeeMeetsConditions returns true when no conditions","invocations":1,"location":null,"numPassingAsserts":1,"retryReasons":[],"startAt":1782452668866,"status":"passed","title":"returns true when no conditions"},{"ancestorTitles":["Deduction Computation","employeeMeetsConditions"],"duration":0,"failing":false,"failureDetails":[],"failureMessages":[],"fullName":"Deduction Computation employeeMeetsConditions minSalary condition - passes when above","invocations":1,"location":null,"numPassingAsserts":1,"retryReasons":[],"startAt":1782452668867,"status":"passed","title":"minSalary condition - passes when above"},{"ancestorTitles":["Deduction Computation","employeeMeetsConditions"],"duration":1,"failing":false,"failureDetails":[],"failureMessages":[],"fullName":"Deduction Computation employeeMeetsConditions minSalary condition - fails when below","invocations":1,"location":null,"numPassingAsserts":1,"retryReasons":[],"startAt":1782452668867,"status":"passed","title":"minSalary condition - fails when below"},{"ancestorTitles":["Deduction Computation","employeeMeetsConditions"],"duration":0,"failing":false,"failureDetails":[],"failureMessages":[],"fullName":"Deduction Computation employeeMeetsConditions maxSalary condition - passes when below","invocations":1,"location":null,"numPassingAsserts":1,"retryReasons":[],"startAt":1782452668868,"status":"passed","title":"maxSalary condition - passes when below"},{"ancestorTitles":["Deduction Computation","employeeMeetsConditions"],"duration":1,"failing":false,"failureDetails":[],"failureMessages":[],"fullName":"Deduction Computation employeeMeetsConditions maxSalary condition - fails when above","invocations":1,"location":null,"numPassingAsserts":1,"retryReasons":[],"startAt":1782452668868,"status":"passed","title":"maxSalary condition - fails when above"},{"ancestorTitles":["Deduction Computation","employeeMeetsConditions"],"duration":0,"failing":false,"failureDetails":[],"failureMessages":[],"fullName":"Deduction Computation employeeMeetsConditions department condition - passes when matches","invocations":1,"location":null,"numPassingAsserts":1,"retryReasons":[],"startAt":1782452668869,"status":"passed","title":"department condition - passes when matches"},{"ancestorTitles":["Deduction Computation","employeeMeetsConditions"],"duration":0,"failing":false,"failureDetails":[],"failureMessages":[],"fullName":"Deduction Computation employeeMeetsConditions department condition - fails when different","invocations":1,"location":null,"numPassingAsserts":1,"retryReasons":[],"startAt":1782452668869,"status":"passed","title":"department condition - fails when different"},{"ancestorTitles":["Deduction Computation","employeeMeetsConditions"],"duration":1,"failing":false,"failureDetails":[],"failureMessages":[],"fullName":"Deduction Computation employeeMeetsConditions combined conditions all must pass","invocations":1,"location":null,"numPassingAsserts":1,"retryReasons":[],"startAt":1782452668869,"status":"passed","title":"combined conditions all must pass"},{"ancestorTitles":["Deduction Computation","employeeMeetsConditions"],"duration":0,"failing":false,"failureDetails":[],"failureMessages":[],"fullName":"Deduction Computation employeeMeetsConditions combined conditions fail if any fails","invocations":1,"location":null,"numPassingAsserts":1,"retryReasons":[],"startAt":1782452668870,"status":"passed","title":"combined conditions fail if any fails"},{"ancestorTitles":["Deduction Computation","computeEmployeeDeductions"],"duration":1,"failing":false,"failureDetails":[],"failureMessages":[],"fullName":"Deduction Computation computeEmployeeDeductions computes all deductions and allowances","invocations":1,"location":null,"numPassingAsserts":3,"retryReasons":[],"startAt":1782452668870,"status":"passed","title":"computes all deductions and allowances"},{"ancestorTitles":["Deduction Computation","computeEmployeeDeductions"],"duration":1,"failing":false,"failureDetails":[],"failureMessages":[],"fullName":"Deduction Computation computeEmployeeDeductions exempt employee gets zero deductions","invocations":1,"location":null,"numPassingAsserts":3,"retryReasons":[],"startAt":1782452668871,"status":"passed","title":"exempt employee gets zero deductions"},{"ancestorTitles":["Deduction Computation","computeEmployeeDeductions"],"duration":0,"failing":false,"failureDetails":[],"failureMessages":[],"fullName":"Deduction Computation computeEmployeeDeductions inactive templates are skipped","invocations":1,"location":null,"numPassingAsserts":1,"retryReasons":[],"startAt":1782452668872,"status":"passed","title":"inactive templates are skipped"},{"ancestorTitles":["Deduction Computation","computeEmployeeDeductions"],"duration":1,"failing":false,"failureDetails":[],"failureMessages":[],"fullName":"Deduction Computation computeEmployeeDeductions conditional templates only apply when conditions met","invocations":1,"location":null,"numPassingAsserts":1,"retryReasons":[],"startAt":1782452668872,"status":"passed","title":"conditional templates only apply when conditions met"},{"ancestorTitles":["Deduction Computation","computeEmployeeDeductions"],"duration":1,"failing":false,"failureDetails":[],"failureMessages":[],"fullName":"Deduction Computation computeEmployeeDeductions breakdown contains correct details","invocations":1,"location":null,"numPassingAsserts":1,"retryReasons":[],"startAt":1782452668873,"status":"passed","title":"breakdown contains correct details"},{"ancestorTitles":["Deduction Computation","Integration with PH Government Deductions"],"duration":2,"failing":false,"failureDetails":[{"matcherResult":{"actual":200,"expected":100,"message":"expect(received).toBe(expected) // Object.is equality\n\nExpected: 100\nReceived: 200","name":"toBe","pass":false}}],"failureMessages":["Error: expect(received).toBe(expected) // Object.is equality\n\nExpected: 100\nReceived: 200\n    at Object.toBe (C:\\Users\\Janeu\\Intern\\NexHRMS-v2\\src\\__tests__\\features\\deductions.test.ts:368:30)\n    at Promise.finally.completed (C:\\Users\\Janeu\\Intern\\NexHRMS-v2\\node_modules\\jest-circus\\build\\jestAdapterInit.js:1557:28)\n    at new Promise (<anonymous>)\n    at callAsyncCircusFn (C:\\Users\\Janeu\\Intern\\NexHRMS-v2\\node_modules\\jest-circus\\build\\jestAdapterInit.js:1497:10)\n    at _callCircusTest (C:\\Users\\Janeu\\Intern\\NexHRMS-v2\\node_modules\\jest-circus\\build\\jestAdapterInit.js:1007:40)\n    at processTicksAndRejections (node:internal/process/task_queues:104:5)\n    at _runTest (C:\\Users\\Janeu\\Intern\\NexHRMS-v2\\node_modules\\jest-circus\\build\\jestAdapterInit.js:947:3)\n    at C:\\Users\\Janeu\\Intern\\NexHRMS-v2\\node_modules\\jest-circus\\build\\jestAdapterInit.js:849:7\n    at _runTestsForDescribeBlock (C:\\Users\\Janeu\\Intern\\NexHRMS-v2\\node_modules\\jest-circus\\build\\jestAdapterInit.js:862:11)\n    at _runTestsForDescribeBlock (C:\\Users\\Janeu\\Intern\\NexHRMS-v2\\node_modules\\jest-circus\\build\\jestAdapterInit.js:857:11)\n    at _runTestsForDescribeBlock (C:\\Users\\Janeu\\Intern\\NexHRMS-v2\\node_modules\\jest-circus\\build\\jestAdapterInit.js:857:11)\n    at run (C:\\Users\\Janeu\\Intern\\NexHRMS-v2\\node_modules\\jest-circus\\build\\jestAdapterInit.js:761:3)\n    at runAndTransformResultsToJestFormat (C:\\Users\\Janeu\\Intern\\NexHRMS-v2\\node_modules\\jest-circus\\build\\jestAdapterInit.js:1918:21)\n    at jestAdapter (C:\\Users\\Janeu\\Intern\\NexHRMS-v2\\node_modules\\jest-circus\\build\\runner.js:101:19)\n    at runTestInternal (C:\\Users\\Janeu\\Intern\\NexHRMS-v2\\node_modules\\jest-runner\\build\\testWorker.js:275:16)\n    at runTest (C:\\Users\\Janeu\\Intern\\NexHRMS-v2\\node_modules\\jest-runner\\build\\testWorker.js:343:7)\n    at Object.worker (C:\\Users\\Janeu\\Intern\\NexHRMS-v2\\node_modules\\jest-runner\\build\\testWorker.js:497:12)"],"fullName":"Deduction Computation Integration with PH Government Deductions PH deductions computed correctly for 30000 salary","invocations":1,"location":null,"numPassingAsserts":2,"retryReasons":[],"startAt":1782452668874,"status":"failed","title":"PH deductions computed correctly for 30000 salary"},{"ancestorTitles":["Deduction Computation","Integration with PH Government Deductions"],"duration":0,"failing":false,"failureDetails":[],"failureMessages":[],"fullName":"Deduction Computation Integration with PH Government Deductions total deductions = govt + custom","invocations":1,"location":null,"numPassingAsserts":1,"retryReasons":[],"startAt":1782452668892,"status":"passed","title":"total deductions = govt + custom"},{"ancestorTitles":["Payslip Status Flow (3-state)"],"duration":0,"failing":false,"failureDetails":[],"failureMessages":[],"fullName":"Payslip Status Flow (3-state) draft → published is allowed","invocations":1,"location":null,"numPassingAsserts":1,"retryReasons":[],"startAt":1782452668893,"status":"passed","title":"draft → published is allowed"},{"ancestorTitles":["Payslip Status Flow (3-state)"],"duration":0,"failing":false,"failureDetails":[],"failureMessages":[],"fullName":"Payslip Status Flow (3-state) published → signed is allowed","invocations":1,"location":null,"numPassingAsserts":1,"retryReasons":[],"startAt":1782452668893,"status":"passed","title":"published → signed is allowed"},{"ancestorTitles":["Payslip Status Flow (3-state)"],"duration":0,"failing":false,"failureDetails":[],"failureMessages":[],"fullName":"Payslip Status Flow (3-state) draft → signed is NOT allowed (skip)","invocations":1,"location":null,"numPassingAsserts":1,"retryReasons":[],"startAt":1782452668894,"status":"passed","title":"draft → signed is NOT allowed (skip)"},{"ancestorTitles":["Payslip Status Flow (3-state)"],"duration":0,"failing":false,"failureDetails":[],"failureMessages":[],"fullName":"Payslip Status Flow (3-state) signed → draft is NOT allowed (backward)","invocations":1,"location":null,"numPassingAsserts":1,"retryReasons":[],"startAt":1782452668894,"status":"passed","title":"signed → draft is NOT allowed (backward)"},{"ancestorTitles":["Payslip Status Flow (3-state)"],"duration":0,"failing":false,"failureDetails":[],"failureMessages":[],"fullName":"Payslip Status Flow (3-state) published → draft is NOT allowed (backward)","invocations":1,"location":null,"numPassingAsserts":1,"retryReasons":[],"startAt":1782452668894,"status":"passed","title":"published → draft is NOT allowed (backward)"},{"ancestorTitles":["Payslip Status Flow (3-state)"],"duration":1,"failing":false,"failureDetails":[],"failureMessages":[],"fullName":"Payslip Status Flow (3-state) signed is terminal (no transitions out)","invocations":1,"location":null,"numPassingAsserts":1,"retryReasons":[],"startAt":1782452668894,"status":"passed","title":"signed is terminal (no transitions out)"},{"ancestorTitles":["PayrollRun Status Flow (3-state)"],"duration":0,"failing":false,"failureDetails":[],"failureMessages":[],"fullName":"PayrollRun Status Flow (3-state) draft → locked is allowed","invocations":1,"location":null,"numPassingAsserts":1,"retryReasons":[],"startAt":1782452668895,"status":"passed","title":"draft → locked is allowed"},{"ancestorTitles":["PayrollRun Status Flow (3-state)"],"duration":1,"failing":false,"failureDetails":[],"failureMessages":[],"fullName":"PayrollRun Status Flow (3-state) locked → completed is allowed","invocations":1,"location":null,"numPassingAsserts":1,"retryReasons":[],"startAt":1782452668895,"status":"passed","title":"locked → completed is allowed"},{"ancestorTitles":["PayrollRun Status Flow (3-state)"],"duration":0,"failing":false,"failureDetails":[],"failureMessages":[],"fullName":"PayrollRun Status Flow (3-state) draft → completed is NOT allowed (skip)","invocations":1,"location":null,"numPassingAsserts":1,"retryReasons":[],"startAt":1782452668896,"status":"passed","title":"draft → completed is NOT allowed (skip)"},{"ancestorTitles":["PayrollRun Status Flow (3-state)"],"duration":0,"failing":false,"failureDetails":[],"failureMessages":[],"fullName":"PayrollRun Status Flow (3-state) completed → locked is NOT allowed (backward)","invocations":1,"location":null,"numPassingAsserts":1,"retryReasons":[],"startAt":1782452668896,"status":"passed","title":"completed → locked is NOT allowed (backward)"},{"ancestorTitles":["PayrollRun Status Flow (3-state)"],"duration":0,"failing":false,"failureDetails":[],"failureMessages":[],"fullName":"PayrollRun Status Flow (3-state) completed is terminal (no transitions out)","invocations":1,"location":null,"numPassingAsserts":1,"retryReasons":[],"startAt":1782452668896,"status":"passed","title":"completed is terminal (no transitions out)"},{"ancestorTitles":["PayslipLineItem Aggregation"],"duration":0,"failing":false,"failureDetails":[],"failureMessages":[],"fullName":"PayslipLineItem Aggregation aggregates line items correctly","invocations":1,"location":null,"numPassingAsserts":7,"retryReasons":[],"startAt":1782452668897,"status":"passed","title":"aggregates line items correctly"},{"ancestorTitles":["PayslipLineItem Aggregation"],"duration":0,"failing":false,"failureDetails":[],"failureMessages":[],"fullName":"PayslipLineItem Aggregation handles empty line items","invocations":1,"location":null,"numPassingAsserts":2,"retryReasons":[],"startAt":1782452668898,"status":"passed","title":"handles empty line items"},{"ancestorTitles":["PayslipLineItem Aggregation"],"duration":0,"failing":false,"failureDetails":[],"failureMessages":[],"fullName":"PayslipLineItem Aggregation handles only earnings","invocations":1,"location":null,"numPassingAsserts":1,"retryReasons":[],"startAt":1782452668898,"status":"passed","title":"handles only earnings"},{"ancestorTitles":["Assignment Date Range Filtering"],"duration":1,"failing":false,"failureDetails":[],"failureMessages":[],"fullName":"Assignment Date Range Filtering returns only active assignments for correct employee","invocations":1,"location":null,"numPassingAsserts":2,"retryReasons":[],"startAt":1782452668898,"status":"passed","title":"returns only active assignments for correct employee"},{"ancestorTitles":["Assignment Date Range Filtering"],"duration":0,"failing":false,"failureDetails":[],"failureMessages":[],"fullName":"Assignment Date Range Filtering excludes assignments not yet effective","invocations":1,"location":null,"numPassingAsserts":2,"retryReasons":[],"startAt":1782452668899,"status":"passed","title":"excludes assignments not yet effective"},{"ancestorTitles":["Assignment Date Range Filtering"],"duration":2,"failing":false,"failureDetails":[],"failureMessages":[],"fullName":"Assignment Date Range Filtering excludes expired assignments","invocations":1,"location":null,"numPassingAsserts":2,"retryReasons":[],"startAt":1782452668900,"status":"passed","title":"excludes expired assignments"},{"ancestorTitles":["Assignment Date Range Filtering"],"duration":0,"failing":false,"failureDetails":[],"failureMessages":[],"fullName":"Assignment Date Range Filtering excludes inactive assignments","invocations":1,"location":null,"numPassingAsserts":1,"retryReasons":[],"startAt":1782452668903,"status":"passed","title":"excludes inactive assignments"},{"ancestorTitles":["Assignment Date Range Filtering"],"duration":0,"failing":false,"failureDetails":[],"failureMessages":[],"fullName":"Assignment Date Range Filtering returns empty for non-existent employee","invocations":1,"location":null,"numPassingAsserts":1,"retryReasons":[],"startAt":1782452668903,"status":"passed","title":"returns empty for non-existent employee"},{"ancestorTitles":["Deduction Template Validation"],"duration":1,"failing":false,"failureDetails":[],"failureMessages":[],"fullName":"Deduction Template Validation value must be non-negative","invocations":1,"location":null,"numPassingAsserts":1,"retryReasons":[],"startAt":1782452668903,"status":"passed","title":"value must be non-negative"},{"ancestorTitles":["Deduction Template Validation"],"duration":0,"failing":false,"failureDetails":[],"failureMessages":[],"fullName":"Deduction Template Validation type must be deduction or allowance","invocations":1,"location":null,"numPassingAsserts":2,"retryReasons":[],"startAt":1782452668904,"status":"passed","title":"type must be deduction or allowance"},{"ancestorTitles":["Deduction Template Validation"],"duration":0,"failing":false,"failureDetails":[],"failureMessages":[],"fullName":"Deduction Template Validation calculation_mode must be valid","invocations":1,"location":null,"numPassingAsserts":1,"retryReasons":[],"startAt":1782452668905,"status":"passed","title":"calculation_mode must be valid"},{"ancestorTitles":["Bulk Assignment"],"duration":1,"failing":false,"failureDetails":[],"failureMessages":[],"fullName":"Bulk Assignment can assign to multiple employees","invocations":1,"location":null,"numPassingAsserts":2,"retryReasons":[],"startAt":1782452668905,"status":"passed","title":"can assign to multiple employees"},{"ancestorTitles":["Bulk Assignment"],"duration":2,"failing":false,"failureDetails":[],"failureMessages":[],"fullName":"Bulk Assignment can assign multiple templates to one employee","invocations":1,"location":null,"numPassingAsserts":2,"retryReasons":[],"startAt":1782452668906,"status":"passed","title":"can assign multiple templates to one employee"}],"endTime":1782452668934,"message":"  ● Deduction Computation › Integration with PH Government Deductions › PH deductions computed correctly for 30000 salary\n\n    expect(received).toBe(expected) // Object.is equality\n\n    Expected: 100\n    Received: 200\n\n    \u001b[0m \u001b[90m 366 |\u001b[39m       expect(result\u001b[33m.\u001b[39msss)\u001b[33m.\u001b[39mtoBeGreaterThan(\u001b[35m0\u001b[39m)\u001b[33m;\u001b[39m\n     \u001b[90m 367 |\u001b[39m       expect(result\u001b[33m.\u001b[39mphilHealth)\u001b[33m.\u001b[39mtoBeGreaterThan(\u001b[35m0\u001b[39m)\u001b[33m;\u001b[39m\n    \u001b[31m\u001b[1m>\u001b[22m\u001b[39m\u001b[90m 368 |\u001b[39m       expect(result\u001b[33m.\u001b[39mpagIBIG)\u001b[33m.\u001b[39mtoBe(\u001b[35m100\u001b[39m)\u001b[33m;\u001b[39m \u001b[90m// Max PagIBIG employee share (₱100)\u001b[39m\n     \u001b[90m     |\u001b[39m                              \u001b[31m\u001b[1m^\u001b[22m\u001b[39m\n     \u001b[90m 369 |\u001b[39m       expect(result\u001b[33m.\u001b[39mtotalDeductions)\u001b[33m.\u001b[39mtoBe(result\u001b[33m.\u001b[39msss \u001b[33m+\u001b[39m result\u001b[33m.\u001b[39mphilHealth \u001b[33m+\u001b[39m result\u001b[33m.\u001b[39mpagIBIG \u001b[33m+\u001b[39m result\u001b[33m.\u001b[39mwithholdingTax)\u001b[33m;\u001b[39m\n     \u001b[90m 370 |\u001b[39m     })\u001b[33m;\u001b[39m\n     \u001b[90m 371 |\u001b[39m\u001b[0m\n\n      at Object.toBe (src/__tests__/features/deductions.test.ts:368:30)\n","name":"C:\\Users\\Janeu\\Intern\\NexHRMS-v2\\src\\__tests__\\features\\deductions.test.ts","startTime":1782452667973,"status":"failed","summary":""},{"assertionResults":[{"ancestorTitles":["export-utils — EMPLOYEES_TEMPLATE_HEADERS"],"duration":5,"failing":false,"failureDetails":[],"failureMessages":[],"fullName":"export-utils — EMPLOYEES_TEMPLATE_HEADERS contains exactly 5 personal-info columns","invocations":1,"location":null,"numPassingAsserts":1,"retryReasons":[],"startAt":1782452669144,"status":"passed","title":"contains exactly 5 personal-info columns"},{"ancestorTitles":["export-utils — EMPLOYEES_TEMPLATE_HEADERS"],"duration":1,"failing":false,"failureDetails":[],"failureMessages":[],"fullName":"export-utils — EMPLOYEES_TEMPLATE_HEADERS includes Name and Email (required fields)","invocations":1,"location":null,"numPassingAsserts":2,"retryReasons":[],"startAt":1782452669150,"status":"passed","title":"includes Name and Email (required fields)"},{"ancestorTitles":["export-utils — EMPLOYEES_TEMPLATE_HEADERS"],"duration":1,"failing":false,"failureDetails":[],"failureMessages":[],"fullName":"export-utils — EMPLOYEES_TEMPLATE_HEADERS includes optional personal fields","invocations":1,"location":null,"numPassingAsserts":3,"retryReasons":[],"startAt":1782452669151,"status":"passed","title":"includes optional personal fields"},{"ancestorTitles":["export-utils — EMPLOYEES_TEMPLATE_HEADERS"],"duration":1,"failing":false,"failureDetails":[],"failureMessages":[],"fullName":"export-utils — EMPLOYEES_TEMPLATE_HEADERS does NOT include system-managed fields (role, department, salary)","invocations":1,"location":null,"numPassingAsserts":6,"retryReasons":[],"startAt":1782452669152,"status":"passed","title":"does NOT include system-managed fields (role, department, salary)"},{"ancestorTitles":["export-utils — EMPLOYEES_TEMPLATE_HEADERS"],"duration":0,"failing":false,"failureDetails":[],"failureMessages":[],"fullName":"export-utils — EMPLOYEES_TEMPLATE_HEADERS payroll template still has Employee Name (not affected by employees change)","invocations":1,"location":null,"numPassingAsserts":1,"retryReasons":[],"startAt":1782452669154,"status":"passed","title":"payroll template still has Employee Name (not affected by employees change)"},{"ancestorTitles":["export-utils — EMPLOYEES_TEMPLATE_HEADERS"],"duration":1,"failing":false,"failureDetails":[],"failureMessages":[],"fullName":"export-utils — EMPLOYEES_TEMPLATE_HEADERS attendance template still has Employee Name (not affected by employees change)","invocations":1,"location":null,"numPassingAsserts":1,"retryReasons":[],"startAt":1782452669154,"status":"passed","title":"attendance template still has Employee Name (not affected by employees change)"},{"ancestorTitles":["GET /api/import/employees — template download"],"duration":7,"failing":false,"failureDetails":[],"failureMessages":[],"fullName":"GET /api/import/employees — template download returns 400 when ?template=true is missing","invocations":1,"location":null,"numPassingAsserts":2,"retryReasons":[],"startAt":1782452669155,"status":"passed","title":"returns 400 when ?template=true is missing"},{"ancestorTitles":["GET /api/import/employees — template download"],"duration":1,"failing":false,"failureDetails":[],"failureMessages":[],"fullName":"GET /api/import/employees — template download returns 401 when not authenticated","invocations":1,"location":null,"numPassingAsserts":1,"retryReasons":[],"startAt":1782452669163,"status":"passed","title":"returns 401 when not authenticated"},{"ancestorTitles":["GET /api/import/employees — template download"],"duration":1,"failing":false,"failureDetails":[],"failureMessages":[],"fullName":"GET /api/import/employees — template download returns 403 for employee role","invocations":1,"location":null,"numPassingAsserts":1,"retryReasons":[],"startAt":1782452669165,"status":"passed","title":"returns 403 for employee role"},{"ancestorTitles":["GET /api/import/employees — template download"],"duration":13,"failing":false,"failureDetails":[],"failureMessages":[],"fullName":"GET /api/import/employees — template download returns XLSX content-type for authenticated admin","invocations":1,"location":null,"numPassingAsserts":2,"retryReasons":[],"startAt":1782452669167,"status":"passed","title":"returns XLSX content-type for authenticated admin"},{"ancestorTitles":["GET /api/import/employees — template download"],"duration":4,"failing":false,"failureDetails":[],"failureMessages":[],"fullName":"GET /api/import/employees — template download includes Content-Disposition with filename","invocations":1,"location":null,"numPassingAsserts":2,"retryReasons":[],"startAt":1782452669180,"status":"passed","title":"includes Content-Disposition with filename"},{"ancestorTitles":["POST /api/import/employees — dryRun validation"],"duration":2,"failing":false,"failureDetails":[],"failureMessages":[],"fullName":"POST /api/import/employees — dryRun validation returns 401 when not authenticated","invocations":1,"location":null,"numPassingAsserts":1,"retryReasons":[],"startAt":1782452669185,"status":"passed","title":"returns 401 when not authenticated"},{"ancestorTitles":["POST /api/import/employees — dryRun validation"],"duration":1,"failing":false,"failureDetails":[],"failureMessages":[],"fullName":"POST /api/import/employees — dryRun validation returns 403 for non-admin/hr role","invocations":1,"location":null,"numPassingAsserts":1,"retryReasons":[],"startAt":1782452669187,"status":"passed","title":"returns 403 for non-admin/hr role"},{"ancestorTitles":["POST /api/import/employees — dryRun validation"],"duration":2,"failing":false,"failureDetails":[],"failureMessages":[],"fullName":"POST /api/import/employees — dryRun validation returns 400 when rows array is empty","invocations":1,"location":null,"numPassingAsserts":1,"retryReasons":[],"startAt":1782452669188,"status":"passed","title":"returns 400 when rows array is empty"},{"ancestorTitles":["POST /api/import/employees — dryRun validation"],"duration":2,"failing":false,"failureDetails":[],"failureMessages":[],"fullName":"POST /api/import/employees — dryRun validation returns 400 when rows exceeds 500","invocations":1,"location":null,"numPassingAsserts":2,"retryReasons":[],"startAt":1782452669190,"status":"passed","title":"returns 400 when rows exceeds 500"},{"ancestorTitles":["POST /api/import/employees — dryRun validation"],"duration":2,"failing":false,"failureDetails":[],"failureMessages":[],"fullName":"POST /api/import/employees — dryRun validation marks row as error when Name is missing","invocations":1,"location":null,"numPassingAsserts":3,"retryReasons":[],"startAt":1782452669193,"status":"passed","title":"marks row as error when Name is missing"},{"ancestorTitles":["POST /api/import/employees — dryRun validation"],"duration":2,"failing":false,"failureDetails":[],"failureMessages":[],"fullName":"POST /api/import/employees — dryRun validation marks row as error for invalid Email format","invocations":1,"location":null,"numPassingAsserts":2,"retryReasons":[],"startAt":1782452669195,"status":"passed","title":"marks row as error for invalid Email format"},{"ancestorTitles":["POST /api/import/employees — dryRun validation"],"duration":4,"failing":false,"failureDetails":[{"matcherResult":{"message":"expect(received).toMatch(expected)\n\nExpected pattern: /YYYY-MM-DD/i\nReceived string:  \"Only @nexsdsi.com email addresses are allowed\"","pass":false}}],"failureMessages":["Error: expect(received).toMatch(expected)\n\nExpected pattern: /YYYY-MM-DD/i\nReceived string:  \"Only @nexsdsi.com email addresses are allowed\"\n    at Object.toMatch (C:\\Users\\Janeu\\Intern\\NexHRMS-v2\\src\\__tests__\\features\\employee-import-export.test.ts:369:28)\n    at processTicksAndRejections (node:internal/process/task_queues:104:5)"],"fullName":"POST /api/import/employees — dryRun validation marks row as error when Birthday format is wrong","invocations":1,"location":null,"numPassingAsserts":1,"retryReasons":[],"startAt":1782452669197,"status":"failed","title":"marks row as error when Birthday format is wrong"},{"ancestorTitles":["POST /api/import/employees — dryRun validation"],"duration":3,"failing":false,"failureDetails":[{"matcherResult":{"actual":0,"expected":1,"message":"expect(received).toBe(expected) // Object.is equality\n\nExpected: 1\nReceived: 0","name":"toBe","pass":false}}],"failureMessages":["Error: expect(received).toBe(expected) // Object.is equality\n\nExpected: 1\nReceived: 0\n    at Object.toBe (C:\\Users\\Janeu\\Intern\\NexHRMS-v2\\src\\__tests__\\features\\employee-import-export.test.ts:380:24)\n    at processTicksAndRejections (node:internal/process/task_queues:104:5)"],"fullName":"POST /api/import/employees — dryRun validation accepts Birthday in correct YYYY-MM-DD format","invocations":1,"location":null,"numPassingAsserts":0,"retryReasons":[],"startAt":1782452669214,"status":"failed","title":"accepts Birthday in correct YYYY-MM-DD format"},{"ancestorTitles":["POST /api/import/employees — dryRun validation"],"duration":2,"failing":false,"failureDetails":[{"matcherResult":{"actual":0,"expected":1,"message":"expect(received).toBe(expected) // Object.is equality\n\nExpected: 1\nReceived: 0","name":"toBe","pass":false}}],"failureMessages":["Error: expect(received).toBe(expected) // Object.is equality\n\nExpected: 1\nReceived: 0\n    at Object.toBe (C:\\Users\\Janeu\\Intern\\NexHRMS-v2\\src\\__tests__\\features\\employee-import-export.test.ts:395:24)\n    at processTicksAndRejections (node:internal/process/task_queues:104:5)"],"fullName":"POST /api/import/employees — dryRun validation detects duplicate email within the same batch","invocations":1,"location":null,"numPassingAsserts":0,"retryReasons":[],"startAt":1782452669217,"status":"failed","title":"detects duplicate email within the same batch"},{"ancestorTitles":["POST /api/import/employees — dryRun validation"],"duration":2,"failing":false,"failureDetails":[{"matcherResult":{"message":"expect(received).toBeGreaterThanOrEqual(expected)\n\nExpected: >= 1\nReceived:    0","pass":false}}],"failureMessages":["Error: expect(received).toBeGreaterThanOrEqual(expected)\n\nExpected: >= 1\nReceived:    0\n    at Object.toBeGreaterThanOrEqual (C:\\Users\\Janeu\\Intern\\NexHRMS-v2\\src\\__tests__\\features\\employee-import-export.test.ts:407:29)\n    at processTicksAndRejections (node:internal/process/task_queues:104:5)"],"fullName":"POST /api/import/employees — dryRun validation detects duplicate email against existing DB records","invocations":1,"location":null,"numPassingAsserts":0,"retryReasons":[],"startAt":1782452669219,"status":"failed","title":"detects duplicate email against existing DB records"},{"ancestorTitles":["POST /api/import/employees — dryRun validation"],"duration":1,"failing":false,"failureDetails":[{"matcherResult":{"actual":0,"expected":1,"message":"expect(received).toBe(expected) // Object.is equality\n\nExpected: 1\nReceived: 0","name":"toBe","pass":false}}],"failureMessages":["Error: expect(received).toBe(expected) // Object.is equality\n\nExpected: 1\nReceived: 0\n    at Object.toBe (C:\\Users\\Janeu\\Intern\\NexHRMS-v2\\src\\__tests__\\features\\employee-import-export.test.ts:421:24)\n    at processTicksAndRejections (node:internal/process/task_queues:104:5)"],"fullName":"POST /api/import/employees — dryRun validation returns dryRun:true and imported:0 in dry run mode","invocations":1,"location":null,"numPassingAsserts":3,"retryReasons":[],"startAt":1782452669221,"status":"failed","title":"returns dryRun:true and imported:0 in dry run mode"},{"ancestorTitles":["POST /api/import/employees — dryRun validation"],"duration":2,"failing":false,"failureDetails":[],"failureMessages":[],"fullName":"POST /api/import/employees — dryRun validation response includes rowValidations array with correct shape","invocations":1,"location":null,"numPassingAsserts":4,"retryReasons":[],"startAt":1782452669223,"status":"passed","title":"response includes rowValidations array with correct shape"},{"ancestorTitles":["POST /api/import/employees — live insert"],"duration":1,"failing":false,"failureDetails":[{"matcherResult":{"actual":0,"expected":1,"message":"expect(received).toBe(expected) // Object.is equality\n\nExpected: 1\nReceived: 0","name":"toBe","pass":false}}],"failureMessages":["Error: expect(received).toBe(expected) // Object.is equality\n\nExpected: 1\nReceived: 0\n    at Object.toBe (C:\\Users\\Janeu\\Intern\\NexHRMS-v2\\src\\__tests__\\features\\employee-import-export.test.ts:455:27)\n    at processTicksAndRejections (node:internal/process/task_queues:104:5)"],"fullName":"POST /api/import/employees — live insert returns dryRun:false and imported > 0 for valid rows","invocations":1,"location":null,"numPassingAsserts":2,"retryReasons":[],"startAt":1782452669225,"status":"failed","title":"returns dryRun:false and imported > 0 for valid rows"},{"ancestorTitles":["POST /api/import/employees — live insert"],"duration":2,"failing":false,"failureDetails":[],"failureMessages":[],"fullName":"POST /api/import/employees — live insert does NOT import rows with missing Name","invocations":1,"location":null,"numPassingAsserts":2,"retryReasons":[],"startAt":1782452669226,"status":"passed","title":"does NOT import rows with missing Name"},{"ancestorTitles":["POST /api/import/employees — live insert"],"duration":2,"failing":false,"failureDetails":[{"matcherResult":{"actual":0,"expected":1,"message":"expect(received).toBe(expected) // Object.is equality\n\nExpected: 1\nReceived: 0","name":"toBe","pass":false}}],"failureMessages":["Error: expect(received).toBe(expected) // Object.is equality\n\nExpected: 1\nReceived: 0\n    at Object.toBe (C:\\Users\\Janeu\\Intern\\NexHRMS-v2\\src\\__tests__\\features\\employee-import-export.test.ts:479:29)\n    at processTicksAndRejections (node:internal/process/task_queues:104:5)"],"fullName":"POST /api/import/employees — live insert does NOT import duplicate emails (skips, counts as duplicate)","invocations":1,"location":null,"numPassingAsserts":1,"retryReasons":[],"startAt":1782452669228,"status":"failed","title":"does NOT import duplicate emails (skips, counts as duplicate)"},{"ancestorTitles":["POST /api/import/employees — live insert"],"duration":6,"failing":false,"failureDetails":[{"matcherResult":{"message":"expect(received).toMatchObject(expected)\n\n- Expected  - 6\n+ Received  + 1\n\n- Object {\n-   \"role\": \"employee\",\n-   \"salary\": 0,\n-   \"status\": \"active\",\n-   \"work_type\": \"full_time\",\n- }\n+ Object {}","pass":false}}],"failureMessages":["Error: expect(received).toMatchObject(expected)\n\n- Expected  - 6\n+ Received  + 1\n\n- Object {\n-   \"role\": \"employee\",\n-   \"salary\": 0,\n-   \"status\": \"active\",\n-   \"work_type\": \"full_time\",\n- }\n+ Object {}\n    at Object.toMatchObject (C:\\Users\\Janeu\\Intern\\NexHRMS-v2\\src\\__tests__\\features\\employee-import-export.test.ts:510:28)\n    at processTicksAndRejections (node:internal/process/task_queues:104:5)"],"fullName":"POST /api/import/employees — live insert inserts employee with default role=employee and status=active","invocations":1,"location":null,"numPassingAsserts":0,"retryReasons":[],"startAt":1782452669230,"status":"failed","title":"inserts employee with default role=employee and status=active"},{"ancestorTitles":["POST /api/import/employees — live insert"],"duration":1,"failing":false,"failureDetails":[],"failureMessages":[],"fullName":"POST /api/import/employees — live insert counts DB insert error as row error (not a 500 crash)","invocations":1,"location":null,"numPassingAsserts":3,"retryReasons":[],"startAt":1782452669237,"status":"passed","title":"counts DB insert error as row error (not a 500 crash)"},{"ancestorTitles":["GET /api/export/employees"],"duration":2,"failing":false,"failureDetails":[],"failureMessages":[],"fullName":"GET /api/export/employees returns 401 when not authenticated","invocations":1,"location":null,"numPassingAsserts":1,"retryReasons":[],"startAt":1782452669238,"status":"passed","title":"returns 401 when not authenticated"},{"ancestorTitles":["GET /api/export/employees"],"duration":1,"failing":false,"failureDetails":[],"failureMessages":[],"fullName":"GET /api/export/employees returns 403 for employee role","invocations":1,"location":null,"numPassingAsserts":1,"retryReasons":[],"startAt":1782452669240,"status":"passed","title":"returns 403 for employee role"},{"ancestorTitles":["GET /api/export/employees"],"duration":5,"failing":false,"failureDetails":[],"failureMessages":[],"fullName":"GET /api/export/employees returns XLSX file for admin","invocations":1,"location":null,"numPassingAsserts":2,"retryReasons":[],"startAt":1782452669241,"status":"passed","title":"returns XLSX file for admin"},{"ancestorTitles":["GET /api/export/employees"],"duration":5,"failing":false,"failureDetails":[],"failureMessages":[],"fullName":"GET /api/export/employees includes Content-Disposition with filename employees-export","invocations":1,"location":null,"numPassingAsserts":2,"retryReasons":[],"startAt":1782452669246,"status":"passed","title":"includes Content-Disposition with filename employees-export"},{"ancestorTitles":["GET /api/export/employees"],"duration":3,"failing":false,"failureDetails":[],"failureMessages":[],"fullName":"GET /api/export/employees returns 200 with empty data (no employees)","invocations":1,"location":null,"numPassingAsserts":1,"retryReasons":[],"startAt":1782452669251,"status":"passed","title":"returns 200 with empty data (no employees)"},{"ancestorTitles":["GET /api/export/employees"],"duration":4,"failing":false,"failureDetails":[],"failureMessages":[],"fullName":"GET /api/export/employees accepts status filter param without errors","invocations":1,"location":null,"numPassingAsserts":1,"retryReasons":[],"startAt":1782452669254,"status":"passed","title":"accepts status filter param without errors"},{"ancestorTitles":["Employee import — end-to-end flow simulation"],"duration":2,"failing":false,"failureDetails":[{"matcherResult":{"actual":0,"expected":2,"message":"expect(received).toBe(expected) // Object.is equality\n\nExpected: 2\nReceived: 0","name":"toBe","pass":false}}],"failureMessages":["Error: expect(received).toBe(expected) // Object.is equality\n\nExpected: 2\nReceived: 0\n    at Object.toBe (C:\\Users\\Janeu\\Intern\\NexHRMS-v2\\src\\__tests__\\features\\employee-import-export.test.ts:607:24)\n    at processTicksAndRejections (node:internal/process/task_queues:104:5)"],"fullName":"Employee import — end-to-end flow simulation dry run of template rows produces 2 valid, 0 errors, 0 duplicates","invocations":1,"location":null,"numPassingAsserts":1,"retryReasons":[],"startAt":1782452669258,"status":"failed","title":"dry run of template rows produces 2 valid, 0 errors, 0 duplicates"},{"ancestorTitles":["Employee import — end-to-end flow simulation"],"duration":3,"failing":false,"failureDetails":[{"matcherResult":{"actual":0,"expected":2,"message":"expect(received).toBe(expected) // Object.is equality\n\nExpected: 2\nReceived: 0","name":"toBe","pass":false}}],"failureMessages":["Error: expect(received).toBe(expected) // Object.is equality\n\nExpected: 2\nReceived: 0\n    at Object.toBe (C:\\Users\\Janeu\\Intern\\NexHRMS-v2\\src\\__tests__\\features\\employee-import-export.test.ts:623:27)\n    at processTicksAndRejections (node:internal/process/task_queues:104:5)"],"fullName":"Employee import — end-to-end flow simulation live import of template rows inserts 2 employees","invocations":1,"location":null,"numPassingAsserts":1,"retryReasons":[],"startAt":1782452669260,"status":"failed","title":"live import of template rows inserts 2 employees"},{"ancestorTitles":["Employee import — end-to-end flow simulation"],"duration":2,"failing":false,"failureDetails":[{"matcherResult":{"actual":0,"expected":2,"message":"expect(received).toBe(expected) // Object.is equality\n\nExpected: 2\nReceived: 0","name":"toBe","pass":false}}],"failureMessages":["Error: expect(received).toBe(expected) // Object.is equality\n\nExpected: 2\nReceived: 0\n    at Object.toBe (C:\\Users\\Janeu\\Intern\\NexHRMS-v2\\src\\__tests__\\features\\employee-import-export.test.ts:638:29)\n    at processTicksAndRejections (node:internal/process/task_queues:104:5)"],"fullName":"Employee import — end-to-end flow simulation second import of same rows produces 2 duplicates (idempotent)","invocations":1,"location":null,"numPassingAsserts":0,"retryReasons":[],"startAt":1782452669263,"status":"failed","title":"second import of same rows produces 2 duplicates (idempotent)"},{"ancestorTitles":["Employee import — end-to-end flow simulation"],"duration":3,"failing":false,"failureDetails":[{"matcherResult":{"actual":0,"expected":1,"message":"expect(received).toBe(expected) // Object.is equality\n\nExpected: 1\nReceived: 0","name":"toBe","pass":false}}],"failureMessages":["Error: expect(received).toBe(expected) // Object.is equality\n\nExpected: 1\nReceived: 0\n    at Object.toBe (C:\\Users\\Janeu\\Intern\\NexHRMS-v2\\src\\__tests__\\features\\employee-import-export.test.ts:655:24)\n    at processTicksAndRejections (node:internal/process/task_queues:104:5)"],"fullName":"Employee import — end-to-end flow simulation mixed batch: 1 valid, 1 error, 1 duplicate","invocations":1,"location":null,"numPassingAsserts":0,"retryReasons":[],"startAt":1782452669265,"status":"failed","title":"mixed batch: 1 valid, 1 error, 1 duplicate"}],"endTime":1782452669376,"message":"  ● POST /api/import/employees — dryRun validation › marks row as error when Birthday format is wrong\n\n    expect(received).toMatch(expected)\n\n    Expected pattern: /YYYY-MM-DD/i\n    Received string:  \"Only @nexsdsi.com email addresses are allowed\"\n\n    \u001b[0m \u001b[90m 367 |\u001b[39m     \u001b[36mconst\u001b[39m errRow \u001b[33m=\u001b[39m json\u001b[33m.\u001b[39mrowValidations\u001b[33m.\u001b[39mfind((r\u001b[33m:\u001b[39m { status\u001b[33m:\u001b[39m string }) \u001b[33m=>\u001b[39m r\u001b[33m.\u001b[39mstatus \u001b[33m===\u001b[39m \u001b[32m\"error\"\u001b[39m)\u001b[33m;\u001b[39m\n     \u001b[90m 368 |\u001b[39m     expect(errRow)\u001b[33m.\u001b[39mtoBeDefined()\u001b[33m;\u001b[39m\n    \u001b[31m\u001b[1m>\u001b[22m\u001b[39m\u001b[90m 369 |\u001b[39m     expect(errRow\u001b[33m.\u001b[39mmessage)\u001b[33m.\u001b[39mtoMatch(\u001b[35m/YYYY-MM-DD/i\u001b[39m)\u001b[33m;\u001b[39m\n     \u001b[90m     |\u001b[39m                            \u001b[31m\u001b[1m^\u001b[22m\u001b[39m\n     \u001b[90m 370 |\u001b[39m   })\u001b[33m;\u001b[39m\n     \u001b[90m 371 |\u001b[39m\n     \u001b[90m 372 |\u001b[39m   it(\u001b[32m\"accepts Birthday in correct YYYY-MM-DD format\"\u001b[39m\u001b[33m,\u001b[39m \u001b[36masync\u001b[39m () \u001b[33m=>\u001b[39m {\u001b[0m\n\n      at Object.toMatch (src/__tests__/features/employee-import-export.test.ts:369:28)\n\n  ● POST /api/import/employees — dryRun validation › accepts Birthday in correct YYYY-MM-DD format\n\n    expect(received).toBe(expected) // Object.is equality\n\n    Expected: 1\n    Received: 0\n\n    \u001b[0m \u001b[90m 378 |\u001b[39m     \u001b[36mconst\u001b[39m res \u001b[33m=\u001b[39m \u001b[36mawait\u001b[39m importPOST(req)\u001b[33m;\u001b[39m\n     \u001b[90m 379 |\u001b[39m     \u001b[36mconst\u001b[39m json \u001b[33m=\u001b[39m \u001b[36mawait\u001b[39m res\u001b[33m.\u001b[39mjson()\u001b[33m;\u001b[39m\n    \u001b[31m\u001b[1m>\u001b[22m\u001b[39m\u001b[90m 380 |\u001b[39m     expect(json\u001b[33m.\u001b[39mvalid)\u001b[33m.\u001b[39mtoBe(\u001b[35m1\u001b[39m)\u001b[33m;\u001b[39m\n     \u001b[90m     |\u001b[39m                        \u001b[31m\u001b[1m^\u001b[22m\u001b[39m\n     \u001b[90m 381 |\u001b[39m     expect(json\u001b[33m.\u001b[39merrors)\u001b[33m.\u001b[39mtoBe(\u001b[35m0\u001b[39m)\u001b[33m;\u001b[39m\n     \u001b[90m 382 |\u001b[39m   })\u001b[33m;\u001b[39m\n     \u001b[90m 383 |\u001b[39m\u001b[0m\n\n      at Object.toBe (src/__tests__/features/employee-import-export.test.ts:380:24)\n\n  ● POST /api/import/employees — dryRun validation › detects duplicate email within the same batch\n\n    expect(received).toBe(expected) // Object.is equality\n\n    Expected: 1\n    Received: 0\n\n    \u001b[0m \u001b[90m 393 |\u001b[39m     \u001b[36mconst\u001b[39m res \u001b[33m=\u001b[39m \u001b[36mawait\u001b[39m importPOST(req)\u001b[33m;\u001b[39m\n     \u001b[90m 394 |\u001b[39m     \u001b[36mconst\u001b[39m json \u001b[33m=\u001b[39m \u001b[36mawait\u001b[39m res\u001b[33m.\u001b[39mjson()\u001b[33m;\u001b[39m\n    \u001b[31m\u001b[1m>\u001b[22m\u001b[39m\u001b[90m 395 |\u001b[39m     expect(json\u001b[33m.\u001b[39mvalid)\u001b[33m.\u001b[39mtoBe(\u001b[35m1\u001b[39m)\u001b[33m;\u001b[39m\n     \u001b[90m     |\u001b[39m                        \u001b[31m\u001b[1m^\u001b[22m\u001b[39m\n     \u001b[90m 396 |\u001b[39m     expect(json\u001b[33m.\u001b[39mduplicates)\u001b[33m.\u001b[39mtoBe(\u001b[35m1\u001b[39m)\u001b[33m;\u001b[39m\n     \u001b[90m 397 |\u001b[39m   })\u001b[33m;\u001b[39m\n     \u001b[90m 398 |\u001b[39m\u001b[0m\n\n      at Object.toBe (src/__tests__/features/employee-import-export.test.ts:395:24)\n\n  ● POST /api/import/employees — dryRun validation › detects duplicate email against existing DB records\n\n    expect(received).toBeGreaterThanOrEqual(expected)\n\n    Expected: >= 1\n    Received:    0\n\n    \u001b[0m \u001b[90m 405 |\u001b[39m     \u001b[36mconst\u001b[39m res \u001b[33m=\u001b[39m \u001b[36mawait\u001b[39m importPOST(req)\u001b[33m;\u001b[39m\n     \u001b[90m 406 |\u001b[39m     \u001b[36mconst\u001b[39m json \u001b[33m=\u001b[39m \u001b[36mawait\u001b[39m res\u001b[33m.\u001b[39mjson()\u001b[33m;\u001b[39m\n    \u001b[31m\u001b[1m>\u001b[22m\u001b[39m\u001b[90m 407 |\u001b[39m     expect(json\u001b[33m.\u001b[39mduplicates)\u001b[33m.\u001b[39mtoBeGreaterThanOrEqual(\u001b[35m1\u001b[39m)\u001b[33m;\u001b[39m\n     \u001b[90m     |\u001b[39m                             \u001b[31m\u001b[1m^\u001b[22m\u001b[39m\n     \u001b[90m 408 |\u001b[39m   })\u001b[33m;\u001b[39m\n     \u001b[90m 409 |\u001b[39m\n     \u001b[90m 410 |\u001b[39m   it(\u001b[32m\"returns dryRun:true and imported:0 in dry run mode\"\u001b[39m\u001b[33m,\u001b[39m \u001b[36masync\u001b[39m () \u001b[33m=>\u001b[39m {\u001b[0m\n\n      at Object.toBeGreaterThanOrEqual (src/__tests__/features/employee-import-export.test.ts:407:29)\n\n  ● POST /api/import/employees — dryRun validation › returns dryRun:true and imported:0 in dry run mode\n\n    expect(received).toBe(expected) // Object.is equality\n\n    Expected: 1\n    Received: 0\n\n    \u001b[0m \u001b[90m 419 |\u001b[39m     expect(json\u001b[33m.\u001b[39mdryRun)\u001b[33m.\u001b[39mtoBe(\u001b[36mtrue\u001b[39m)\u001b[33m;\u001b[39m\n     \u001b[90m 420 |\u001b[39m     expect(json\u001b[33m.\u001b[39mimported)\u001b[33m.\u001b[39mtoBe(\u001b[35m0\u001b[39m)\u001b[33m;\u001b[39m\n    \u001b[31m\u001b[1m>\u001b[22m\u001b[39m\u001b[90m 421 |\u001b[39m     expect(json\u001b[33m.\u001b[39mvalid)\u001b[33m.\u001b[39mtoBe(\u001b[35m1\u001b[39m)\u001b[33m;\u001b[39m\n     \u001b[90m     |\u001b[39m                        \u001b[31m\u001b[1m^\u001b[22m\u001b[39m\n     \u001b[90m 422 |\u001b[39m   })\u001b[33m;\u001b[39m\n     \u001b[90m 423 |\u001b[39m\n     \u001b[90m 424 |\u001b[39m   it(\u001b[32m\"response includes rowValidations array with correct shape\"\u001b[39m\u001b[33m,\u001b[39m \u001b[36masync\u001b[39m () \u001b[33m=>\u001b[39m {\u001b[0m\n\n      at Object.toBe (src/__tests__/features/employee-import-export.test.ts:421:24)\n\n  ● POST /api/import/employees — live insert › returns dryRun:false and imported > 0 for valid rows\n\n    expect(received).toBe(expected) // Object.is equality\n\n    Expected: 1\n    Received: 0\n\n    \u001b[0m \u001b[90m 453 |\u001b[39m     \u001b[36mconst\u001b[39m json \u001b[33m=\u001b[39m \u001b[36mawait\u001b[39m res\u001b[33m.\u001b[39mjson()\u001b[33m;\u001b[39m\n     \u001b[90m 454 |\u001b[39m     expect(json\u001b[33m.\u001b[39mdryRun)\u001b[33m.\u001b[39mtoBe(\u001b[36mfalse\u001b[39m)\u001b[33m;\u001b[39m\n    \u001b[31m\u001b[1m>\u001b[22m\u001b[39m\u001b[90m 455 |\u001b[39m     expect(json\u001b[33m.\u001b[39mimported)\u001b[33m.\u001b[39mtoBe(\u001b[35m1\u001b[39m)\u001b[33m;\u001b[39m\n     \u001b[90m     |\u001b[39m                           \u001b[31m\u001b[1m^\u001b[22m\u001b[39m\n     \u001b[90m 456 |\u001b[39m   })\u001b[33m;\u001b[39m\n     \u001b[90m 457 |\u001b[39m\n     \u001b[90m 458 |\u001b[39m   it(\u001b[32m\"does NOT import rows with missing Name\"\u001b[39m\u001b[33m,\u001b[39m \u001b[36masync\u001b[39m () \u001b[33m=>\u001b[39m {\u001b[0m\n\n      at Object.toBe (src/__tests__/features/employee-import-export.test.ts:455:27)\n\n  ● POST /api/import/employees — live insert › does NOT import duplicate emails (skips, counts as duplicate)\n\n    expect(received).toBe(expected) // Object.is equality\n\n    Expected: 1\n    Received: 0\n\n    \u001b[0m \u001b[90m 477 |\u001b[39m     \u001b[36mconst\u001b[39m json \u001b[33m=\u001b[39m \u001b[36mawait\u001b[39m res\u001b[33m.\u001b[39mjson()\u001b[33m;\u001b[39m\n     \u001b[90m 478 |\u001b[39m     expect(json\u001b[33m.\u001b[39mimported)\u001b[33m.\u001b[39mtoBe(\u001b[35m0\u001b[39m)\u001b[33m;\u001b[39m\n    \u001b[31m\u001b[1m>\u001b[22m\u001b[39m\u001b[90m 479 |\u001b[39m     expect(json\u001b[33m.\u001b[39mduplicates)\u001b[33m.\u001b[39mtoBe(\u001b[35m1\u001b[39m)\u001b[33m;\u001b[39m\n     \u001b[90m     |\u001b[39m                             \u001b[31m\u001b[1m^\u001b[22m\u001b[39m\n     \u001b[90m 480 |\u001b[39m   })\u001b[33m;\u001b[39m\n     \u001b[90m 481 |\u001b[39m\n     \u001b[90m 482 |\u001b[39m   it(\u001b[32m\"inserts employee with default role=employee and status=active\"\u001b[39m\u001b[33m,\u001b[39m \u001b[36masync\u001b[39m () \u001b[33m=>\u001b[39m {\u001b[0m\n\n      at Object.toBe (src/__tests__/features/employee-import-export.test.ts:479:29)\n\n  ● POST /api/import/employees — live insert › inserts employee with default role=employee and status=active\n\n    expect(received).toMatchObject(expected)\n\n    - Expected  - 6\n    + Received  + 1\n\n    - Object {\n    -   \"role\": \"employee\",\n    -   \"salary\": 0,\n    -   \"status\": \"active\",\n    -   \"work_type\": \"full_time\",\n    - }\n    + Object {}\n\n    \u001b[0m \u001b[90m 508 |\u001b[39m     })\u001b[33m;\u001b[39m\n     \u001b[90m 509 |\u001b[39m     \u001b[36mawait\u001b[39m importPOST(req)\u001b[33m;\u001b[39m\n    \u001b[31m\u001b[1m>\u001b[22m\u001b[39m\u001b[90m 510 |\u001b[39m     expect(capturedRecord)\u001b[33m.\u001b[39mtoMatchObject({\n     \u001b[90m     |\u001b[39m                            \u001b[31m\u001b[1m^\u001b[22m\u001b[39m\n     \u001b[90m 511 |\u001b[39m       role\u001b[33m:\u001b[39m \u001b[32m\"employee\"\u001b[39m\u001b[33m,\u001b[39m\n     \u001b[90m 512 |\u001b[39m       status\u001b[33m:\u001b[39m \u001b[32m\"active\"\u001b[39m\u001b[33m,\u001b[39m\n     \u001b[90m 513 |\u001b[39m       work_type\u001b[33m:\u001b[39m \u001b[32m\"full_time\"\u001b[39m\u001b[33m,\u001b[39m\u001b[0m\n\n      at Object.toMatchObject (src/__tests__/features/employee-import-export.test.ts:510:28)\n\n  ● Employee import — end-to-end flow simulation › dry run of template rows produces 2 valid, 0 errors, 0 duplicates\n\n    expect(received).toBe(expected) // Object.is equality\n\n    Expected: 2\n    Received: 0\n\n    \u001b[0m \u001b[90m 605 |\u001b[39m     expect(res\u001b[33m.\u001b[39mstatus)\u001b[33m.\u001b[39mtoBe(\u001b[35m200\u001b[39m)\u001b[33m;\u001b[39m\n     \u001b[90m 606 |\u001b[39m     \u001b[36mconst\u001b[39m json \u001b[33m=\u001b[39m \u001b[36mawait\u001b[39m res\u001b[33m.\u001b[39mjson()\u001b[33m;\u001b[39m\n    \u001b[31m\u001b[1m>\u001b[22m\u001b[39m\u001b[90m 607 |\u001b[39m     expect(json\u001b[33m.\u001b[39mvalid)\u001b[33m.\u001b[39mtoBe(\u001b[35m2\u001b[39m)\u001b[33m;\u001b[39m\n     \u001b[90m     |\u001b[39m                        \u001b[31m\u001b[1m^\u001b[22m\u001b[39m\n     \u001b[90m 608 |\u001b[39m     expect(json\u001b[33m.\u001b[39merrors)\u001b[33m.\u001b[39mtoBe(\u001b[35m0\u001b[39m)\u001b[33m;\u001b[39m\n     \u001b[90m 609 |\u001b[39m     expect(json\u001b[33m.\u001b[39mduplicates)\u001b[33m.\u001b[39mtoBe(\u001b[35m0\u001b[39m)\u001b[33m;\u001b[39m\n     \u001b[90m 610 |\u001b[39m     expect(json\u001b[33m.\u001b[39mdryRun)\u001b[33m.\u001b[39mtoBe(\u001b[36mtrue\u001b[39m)\u001b[33m;\u001b[39m\u001b[0m\n\n      at Object.toBe (src/__tests__/features/employee-import-export.test.ts:607:24)\n\n  ● Employee import — end-to-end flow simulation › live import of template rows inserts 2 employees\n\n    expect(received).toBe(expected) // Object.is equality\n\n    Expected: 2\n    Received: 0\n\n    \u001b[0m \u001b[90m 621 |\u001b[39m     expect(res\u001b[33m.\u001b[39mstatus)\u001b[33m.\u001b[39mtoBe(\u001b[35m200\u001b[39m)\u001b[33m;\u001b[39m\n     \u001b[90m 622 |\u001b[39m     \u001b[36mconst\u001b[39m json \u001b[33m=\u001b[39m \u001b[36mawait\u001b[39m res\u001b[33m.\u001b[39mjson()\u001b[33m;\u001b[39m\n    \u001b[31m\u001b[1m>\u001b[22m\u001b[39m\u001b[90m 623 |\u001b[39m     expect(json\u001b[33m.\u001b[39mimported)\u001b[33m.\u001b[39mtoBe(\u001b[35m2\u001b[39m)\u001b[33m;\u001b[39m\n     \u001b[90m     |\u001b[39m                           \u001b[31m\u001b[1m^\u001b[22m\u001b[39m\n     \u001b[90m 624 |\u001b[39m     expect(json\u001b[33m.\u001b[39merrors)\u001b[33m.\u001b[39mtoBe(\u001b[35m0\u001b[39m)\u001b[33m;\u001b[39m\n     \u001b[90m 625 |\u001b[39m     expect(json\u001b[33m.\u001b[39mdryRun)\u001b[33m.\u001b[39mtoBe(\u001b[36mfalse\u001b[39m)\u001b[33m;\u001b[39m\n     \u001b[90m 626 |\u001b[39m   })\u001b[33m;\u001b[39m\u001b[0m\n\n      at Object.toBe (src/__tests__/features/employee-import-export.test.ts:623:27)\n\n  ● Employee import — end-to-end flow simulation › second import of same rows produces 2 duplicates (idempotent)\n\n    expect(received).toBe(expected) // Object.is equality\n\n    Expected: 2\n    Received: 0\n\n    \u001b[0m \u001b[90m 636 |\u001b[39m     \u001b[36mconst\u001b[39m res \u001b[33m=\u001b[39m \u001b[36mawait\u001b[39m importPOST(req)\u001b[33m;\u001b[39m\n     \u001b[90m 637 |\u001b[39m     \u001b[36mconst\u001b[39m json \u001b[33m=\u001b[39m \u001b[36mawait\u001b[39m res\u001b[33m.\u001b[39mjson()\u001b[33m;\u001b[39m\n    \u001b[31m\u001b[1m>\u001b[22m\u001b[39m\u001b[90m 638 |\u001b[39m     expect(json\u001b[33m.\u001b[39mduplicates)\u001b[33m.\u001b[39mtoBe(\u001b[35m2\u001b[39m)\u001b[33m;\u001b[39m\n     \u001b[90m     |\u001b[39m                             \u001b[31m\u001b[1m^\u001b[22m\u001b[39m\n     \u001b[90m 639 |\u001b[39m     expect(json\u001b[33m.\u001b[39mvalid)\u001b[33m.\u001b[39mtoBe(\u001b[35m0\u001b[39m)\u001b[33m;\u001b[39m\n     \u001b[90m 640 |\u001b[39m     expect(json\u001b[33m.\u001b[39mimported)\u001b[33m.\u001b[39mtoBe(\u001b[35m0\u001b[39m)\u001b[33m;\u001b[39m\n     \u001b[90m 641 |\u001b[39m   })\u001b[33m;\u001b[39m\u001b[0m\n\n      at Object.toBe (src/__tests__/features/employee-import-export.test.ts:638:29)\n\n  ● Employee import — end-to-end flow simulation › mixed batch: 1 valid, 1 error, 1 duplicate\n\n    expect(received).toBe(expected) // Object.is equality\n\n    Expected: 1\n    Received: 0\n\n    \u001b[0m \u001b[90m 653 |\u001b[39m     \u001b[36mconst\u001b[39m res \u001b[33m=\u001b[39m \u001b[36mawait\u001b[39m importPOST(req)\u001b[33m;\u001b[39m\n     \u001b[90m 654 |\u001b[39m     \u001b[36mconst\u001b[39m json \u001b[33m=\u001b[39m \u001b[36mawait\u001b[39m res\u001b[33m.\u001b[39mjson()\u001b[33m;\u001b[39m\n    \u001b[31m\u001b[1m>\u001b[22m\u001b[39m\u001b[90m 655 |\u001b[39m     expect(json\u001b[33m.\u001b[39mvalid)\u001b[33m.\u001b[39mtoBe(\u001b[35m1\u001b[39m)\u001b[33m;\u001b[39m\n     \u001b[90m     |\u001b[39m                        \u001b[31m\u001b[1m^\u001b[22m\u001b[39m\n     \u001b[90m 656 |\u001b[39m     expect(json\u001b[33m.\u001b[39merrors)\u001b[33m.\u001b[39mtoBe(\u001b[35m1\u001b[39m)\u001b[33m;\u001b[39m\n     \u001b[90m 657 |\u001b[39m     expect(json\u001b[33m.\u001b[39mduplicates)\u001b[33m.\u001b[39mtoBe(\u001b[35m1\u001b[39m)\u001b[33m;\u001b[39m\n     \u001b[90m 658 |\u001b[39m   })\u001b[33m;\u001b[39m\u001b[0m\n\n      at Object.toBe (src/__tests__/features/employee-import-export.test.ts:655:24)\n","name":"C:\\Users\\Janeu\\Intern\\NexHRMS-v2\\src\\__tests__\\features\\employee-import-export.test.ts","startTime":1782452667979,"status":"failed","summary":""},{"assertionResults":[{"ancestorTitles":["computeSSS"],"duration":5,"failing":false,"failureDetails":[],"failureMessages":[],"fullName":"computeSSS should return minimum ₱180 for salary ≤ ₱4,250","invocations":1,"location":null,"numPassingAsserts":2,"retryReasons":[],"startAt":1782452669370,"status":"passed","title":"should return minimum ₱180 for salary ≤ ₱4,250"},{"ancestorTitles":["computeSSS"],"duration":1,"failing":false,"failureDetails":[],"failureMessages":[],"fullName":"computeSSS should return maximum ₱1,575 for salary ≥ ₱34,750","invocations":1,"location":null,"numPassingAsserts":3,"retryReasons":[],"startAt":1782452669376,"status":"passed","title":"should return maximum ₱1,575 for salary ≥ ₱34,750"},{"ancestorTitles":["computeSSS"],"duration":1,"failing":false,"failureDetails":[],"failureMessages":[],"fullName":"computeSSS should compute 4.5% of salary credit for mid-range salaries","invocations":1,"location":null,"numPassingAsserts":4,"retryReasons":[],"startAt":1782452669377,"status":"passed","title":"should compute 4.5% of salary credit for mid-range salaries"},{"ancestorTitles":["computeSSS"],"duration":0,"failing":false,"failureDetails":[],"failureMessages":[],"fullName":"computeSSS should handle edge case at ₱0","invocations":1,"location":null,"numPassingAsserts":1,"retryReasons":[],"startAt":1782452669378,"status":"passed","title":"should handle edge case at ₱0"},{"ancestorTitles":["computePhilHealth"],"duration":0,"failing":false,"failureDetails":[],"failureMessages":[],"fullName":"computePhilHealth should return floor ₱250 for salary ≤ ₱10,000","invocations":1,"location":null,"numPassingAsserts":2,"retryReasons":[],"startAt":1782452669379,"status":"passed","title":"should return floor ₱250 for salary ≤ ₱10,000"},{"ancestorTitles":["computePhilHealth"],"duration":1,"failing":false,"failureDetails":[],"failureMessages":[],"fullName":"computePhilHealth should return ceiling ₱2,500 for salary ≥ ₱100,000","invocations":1,"location":null,"numPassingAsserts":2,"retryReasons":[],"startAt":1782452669379,"status":"passed","title":"should return ceiling ₱2,500 for salary ≥ ₱100,000"},{"ancestorTitles":["computePhilHealth"],"duration":1,"failing":false,"failureDetails":[],"failureMessages":[],"fullName":"computePhilHealth should compute 2.5% for mid-range salaries","invocations":1,"location":null,"numPassingAsserts":3,"retryReasons":[],"startAt":1782452669380,"status":"passed","title":"should compute 2.5% for mid-range salaries"},{"ancestorTitles":["computePagIBIG"],"duration":0,"failing":false,"failureDetails":[],"failureMessages":[],"fullName":"computePagIBIG should compute 1% for salary ≤ ₱1,500","invocations":1,"location":null,"numPassingAsserts":2,"retryReasons":[],"startAt":1782452669381,"status":"passed","title":"should compute 1% for salary ≤ ₱1,500"},{"ancestorTitles":["computePagIBIG"],"duration":4,"failing":false,"failureDetails":[{"matcherResult":{"actual":40,"expected":100,"message":"expect(received).toBe(expected) // Object.is equality\n\nExpected: 100\nReceived: 40","name":"toBe","pass":false}}],"failureMessages":["Error: expect(received).toBe(expected) // Object.is equality\n\nExpected: 100\nReceived: 40\n    at Object.toBe (C:\\Users\\Janeu\\Intern\\NexHRMS-v2\\src\\__tests__\\features\\payroll.test.ts:112:34)\n    at Promise.finally.completed (C:\\Users\\Janeu\\Intern\\NexHRMS-v2\\node_modules\\jest-circus\\build\\jestAdapterInit.js:1557:28)\n    at new Promise (<anonymous>)\n    at callAsyncCircusFn (C:\\Users\\Janeu\\Intern\\NexHRMS-v2\\node_modules\\jest-circus\\build\\jestAdapterInit.js:1497:10)\n    at _callCircusTest (C:\\Users\\Janeu\\Intern\\NexHRMS-v2\\node_modules\\jest-circus\\build\\jestAdapterInit.js:1007:40)\n    at processTicksAndRejections (node:internal/process/task_queues:104:5)\n    at _runTest (C:\\Users\\Janeu\\Intern\\NexHRMS-v2\\node_modules\\jest-circus\\build\\jestAdapterInit.js:947:3)\n    at C:\\Users\\Janeu\\Intern\\NexHRMS-v2\\node_modules\\jest-circus\\build\\jestAdapterInit.js:849:7\n    at _runTestsForDescribeBlock (C:\\Users\\Janeu\\Intern\\NexHRMS-v2\\node_modules\\jest-circus\\build\\jestAdapterInit.js:862:11)\n    at _runTestsForDescribeBlock (C:\\Users\\Janeu\\Intern\\NexHRMS-v2\\node_modules\\jest-circus\\build\\jestAdapterInit.js:857:11)\n    at run (C:\\Users\\Janeu\\Intern\\NexHRMS-v2\\node_modules\\jest-circus\\build\\jestAdapterInit.js:761:3)\n    at runAndTransformResultsToJestFormat (C:\\Users\\Janeu\\Intern\\NexHRMS-v2\\node_modules\\jest-circus\\build\\jestAdapterInit.js:1918:21)\n    at jestAdapter (C:\\Users\\Janeu\\Intern\\NexHRMS-v2\\node_modules\\jest-circus\\build\\runner.js:101:19)\n    at runTestInternal (C:\\Users\\Janeu\\Intern\\NexHRMS-v2\\node_modules\\jest-runner\\build\\testWorker.js:275:16)\n    at runTest (C:\\Users\\Janeu\\Intern\\NexHRMS-v2\\node_modules\\jest-runner\\build\\testWorker.js:343:7)\n    at Object.worker (C:\\Users\\Janeu\\Intern\\NexHRMS-v2\\node_modules\\jest-runner\\build\\testWorker.js:497:12)"],"fullName":"computePagIBIG should return capped ₱100 for salary > ₱1,500","invocations":1,"location":null,"numPassingAsserts":0,"retryReasons":[],"startAt":1782452669381,"status":"failed","title":"should return capped ₱100 for salary > ₱1,500"},{"ancestorTitles":["computeWithholdingTax"],"duration":1,"failing":false,"failureDetails":[],"failureMessages":[],"fullName":"computeWithholdingTax should return ₱0 for taxable income ≤ ₱20,833 (≤250K annual)","invocations":1,"location":null,"numPassingAsserts":3,"retryReasons":[],"startAt":1782452669409,"status":"passed","title":"should return ₱0 for taxable income ≤ ₱20,833 (≤250K annual)"},{"ancestorTitles":["computeWithholdingTax"],"duration":0,"failing":false,"failureDetails":[],"failureMessages":[],"fullName":"computeWithholdingTax should compute 15% bracket for taxable income ₱20,834 – ₱33,333","invocations":1,"location":null,"numPassingAsserts":2,"retryReasons":[],"startAt":1782452669410,"status":"passed","title":"should compute 15% bracket for taxable income ₱20,834 – ₱33,333"},{"ancestorTitles":["computeWithholdingTax"],"duration":1,"failing":false,"failureDetails":[],"failureMessages":[],"fullName":"computeWithholdingTax should compute 20% bracket for taxable income ₱33,334 – ₱66,667","invocations":1,"location":null,"numPassingAsserts":2,"retryReasons":[],"startAt":1782452669410,"status":"passed","title":"should compute 20% bracket for taxable income ₱33,334 – ₱66,667"},{"ancestorTitles":["computeWithholdingTax"],"duration":0,"failing":false,"failureDetails":[],"failureMessages":[],"fullName":"computeWithholdingTax should compute 25% bracket for taxable income ₱66,668 – ₱166,667","invocations":1,"location":null,"numPassingAsserts":2,"retryReasons":[],"startAt":1782452669411,"status":"passed","title":"should compute 25% bracket for taxable income ₱66,668 – ₱166,667"},{"ancestorTitles":["computeAllPHDeductions"],"duration":1,"failing":false,"failureDetails":[{"matcherResult":{"actual":200,"expected":100,"message":"expect(received).toBe(expected) // Object.is equality\n\nExpected: 100\nReceived: 200","name":"toBe","pass":false}}],"failureMessages":["Error: expect(received).toBe(expected) // Object.is equality\n\nExpected: 100\nReceived: 200\n    at Object.toBe (C:\\Users\\Janeu\\Intern\\NexHRMS-v2\\src\\__tests__\\features\\payroll.test.ts:167:28)\n    at Promise.finally.completed (C:\\Users\\Janeu\\Intern\\NexHRMS-v2\\node_modules\\jest-circus\\build\\jestAdapterInit.js:1557:28)\n    at new Promise (<anonymous>)\n    at callAsyncCircusFn (C:\\Users\\Janeu\\Intern\\NexHRMS-v2\\node_modules\\jest-circus\\build\\jestAdapterInit.js:1497:10)\n    at _callCircusTest (C:\\Users\\Janeu\\Intern\\NexHRMS-v2\\node_modules\\jest-circus\\build\\jestAdapterInit.js:1007:40)\n    at processTicksAndRejections (node:internal/process/task_queues:104:5)\n    at _runTest (C:\\Users\\Janeu\\Intern\\NexHRMS-v2\\node_modules\\jest-circus\\build\\jestAdapterInit.js:947:3)\n    at C:\\Users\\Janeu\\Intern\\NexHRMS-v2\\node_modules\\jest-circus\\build\\jestAdapterInit.js:849:7\n    at _runTestsForDescribeBlock (C:\\Users\\Janeu\\Intern\\NexHRMS-v2\\node_modules\\jest-circus\\build\\jestAdapterInit.js:862:11)\n    at _runTestsForDescribeBlock (C:\\Users\\Janeu\\Intern\\NexHRMS-v2\\node_modules\\jest-circus\\build\\jestAdapterInit.js:857:11)\n    at run (C:\\Users\\Janeu\\Intern\\NexHRMS-v2\\node_modules\\jest-circus\\build\\jestAdapterInit.js:761:3)\n    at runAndTransformResultsToJestFormat (C:\\Users\\Janeu\\Intern\\NexHRMS-v2\\node_modules\\jest-circus\\build\\jestAdapterInit.js:1918:21)\n    at jestAdapter (C:\\Users\\Janeu\\Intern\\NexHRMS-v2\\node_modules\\jest-circus\\build\\runner.js:101:19)\n    at runTestInternal (C:\\Users\\Janeu\\Intern\\NexHRMS-v2\\node_modules\\jest-runner\\build\\testWorker.js:275:16)\n    at runTest (C:\\Users\\Janeu\\Intern\\NexHRMS-v2\\node_modules\\jest-runner\\build\\testWorker.js:343:7)\n    at Object.worker (C:\\Users\\Janeu\\Intern\\NexHRMS-v2\\node_modules\\jest-runner\\build\\testWorker.js:497:12)"],"fullName":"computeAllPHDeductions should compute all deductions for a ₱30,000 salary","invocations":1,"location":null,"numPassingAsserts":3,"retryReasons":[],"startAt":1782452669412,"status":"failed","title":"should compute all deductions for a ₱30,000 salary"},{"ancestorTitles":["computeAllPHDeductions"],"duration":1,"failing":false,"failureDetails":[],"failureMessages":[],"fullName":"computeAllPHDeductions should handle minimum wage scenario (₱12,000)","invocations":1,"location":null,"numPassingAsserts":2,"retryReasons":[],"startAt":1782452669413,"status":"passed","title":"should handle minimum wage scenario (₱12,000)"},{"ancestorTitles":["computeAllPHDeductions"],"duration":1,"failing":false,"failureDetails":[{"matcherResult":{"actual":200,"expected":100,"message":"expect(received).toBe(expected) // Object.is equality\n\nExpected: 100\nReceived: 200","name":"toBe","pass":false}}],"failureMessages":["Error: expect(received).toBe(expected) // Object.is equality\n\nExpected: 100\nReceived: 200\n    at Object.toBe (C:\\Users\\Janeu\\Intern\\NexHRMS-v2\\src\\__tests__\\features\\payroll.test.ts:200:28)\n    at Promise.finally.completed (C:\\Users\\Janeu\\Intern\\NexHRMS-v2\\node_modules\\jest-circus\\build\\jestAdapterInit.js:1557:28)\n    at new Promise (<anonymous>)\n    at callAsyncCircusFn (C:\\Users\\Janeu\\Intern\\NexHRMS-v2\\node_modules\\jest-circus\\build\\jestAdapterInit.js:1497:10)\n    at _callCircusTest (C:\\Users\\Janeu\\Intern\\NexHRMS-v2\\node_modules\\jest-circus\\build\\jestAdapterInit.js:1007:40)\n    at processTicksAndRejections (node:internal/process/task_queues:104:5)\n    at _runTest (C:\\Users\\Janeu\\Intern\\NexHRMS-v2\\node_modules\\jest-circus\\build\\jestAdapterInit.js:947:3)\n    at C:\\Users\\Janeu\\Intern\\NexHRMS-v2\\node_modules\\jest-circus\\build\\jestAdapterInit.js:849:7\n    at _runTestsForDescribeBlock (C:\\Users\\Janeu\\Intern\\NexHRMS-v2\\node_modules\\jest-circus\\build\\jestAdapterInit.js:862:11)\n    at _runTestsForDescribeBlock (C:\\Users\\Janeu\\Intern\\NexHRMS-v2\\node_modules\\jest-circus\\build\\jestAdapterInit.js:857:11)\n    at run (C:\\Users\\Janeu\\Intern\\NexHRMS-v2\\node_modules\\jest-circus\\build\\jestAdapterInit.js:761:3)\n    at runAndTransformResultsToJestFormat (C:\\Users\\Janeu\\Intern\\NexHRMS-v2\\node_modules\\jest-circus\\build\\jestAdapterInit.js:1918:21)\n    at jestAdapter (C:\\Users\\Janeu\\Intern\\NexHRMS-v2\\node_modules\\jest-circus\\build\\runner.js:101:19)\n    at runTestInternal (C:\\Users\\Janeu\\Intern\\NexHRMS-v2\\node_modules\\jest-runner\\build\\testWorker.js:275:16)\n    at runTest (C:\\Users\\Janeu\\Intern\\NexHRMS-v2\\node_modules\\jest-runner\\build\\testWorker.js:343:7)\n    at Object.worker (C:\\Users\\Janeu\\Intern\\NexHRMS-v2\\node_modules\\jest-runner\\build\\testWorker.js:497:12)"],"fullName":"computeAllPHDeductions should handle high earner scenario (₱150,000)","invocations":1,"location":null,"numPassingAsserts":2,"retryReasons":[],"startAt":1782452669414,"status":"failed","title":"should handle high earner scenario (₱150,000)"},{"ancestorTitles":["Payslip Status Flow"],"duration":0,"failing":false,"failureDetails":[],"failureMessages":[],"fullName":"Payslip Status Flow should have correct status progression order","invocations":1,"location":null,"numPassingAsserts":1,"retryReasons":[],"startAt":1782452669416,"status":"passed","title":"should have correct status progression order"},{"ancestorTitles":["Payslip Status Flow"],"duration":0,"failing":false,"failureDetails":[],"failureMessages":[],"fullName":"Payslip Status Flow should allow e-signature only at published status","invocations":1,"location":null,"numPassingAsserts":1,"retryReasons":[],"startAt":1782452669417,"status":"passed","title":"should allow e-signature only at published status"},{"ancestorTitles":["Payslip Status Flow"],"duration":1,"failing":false,"failureDetails":[],"failureMessages":[],"fullName":"Payslip Status Flow should only allow signing when payslip is published","invocations":1,"location":null,"numPassingAsserts":3,"retryReasons":[],"startAt":1782452669417,"status":"passed","title":"should only allow signing when payslip is published"},{"ancestorTitles":["Loan Deduction Cap"],"duration":1,"failing":false,"failureDetails":[],"failureMessages":[],"fullName":"Loan Deduction Cap should cap monthly deduction at 30% of net pay","invocations":1,"location":null,"numPassingAsserts":2,"retryReasons":[],"startAt":1782452669418,"status":"passed","title":"should cap monthly deduction at 30% of net pay"},{"ancestorTitles":["Loan Deduction Cap"],"duration":0,"failing":false,"failureDetails":[],"failureMessages":[],"fullName":"Loan Deduction Cap should allow full deduction if under 30% cap","invocations":1,"location":null,"numPassingAsserts":1,"retryReasons":[],"startAt":1782452669419,"status":"passed","title":"should allow full deduction if under 30% cap"},{"ancestorTitles":["13th Month Pay Calculation"],"duration":1,"failing":false,"failureDetails":[],"failureMessages":[],"fullName":"13th Month Pay Calculation should compute 13th month as total basic / 12","invocations":1,"location":null,"numPassingAsserts":1,"retryReasons":[],"startAt":1782452669419,"status":"passed","title":"should compute 13th month as total basic / 12"},{"ancestorTitles":["13th Month Pay Calculation"],"duration":0,"failing":false,"failureDetails":[],"failureMessages":[],"fullName":"13th Month Pay Calculation should pro-rate for employees who joined mid-year","invocations":1,"location":null,"numPassingAsserts":1,"retryReasons":[],"startAt":1782452669420,"status":"passed","title":"should pro-rate for employees who joined mid-year"},{"ancestorTitles":["Payroll Store — Duplicate Prevention"],"duration":1,"failing":false,"failureDetails":[],"failureMessages":[],"fullName":"Payroll Store — Duplicate Prevention should detect duplicate payslip for same employee + period","invocations":1,"location":null,"numPassingAsserts":1,"retryReasons":[],"startAt":1782452669420,"status":"passed","title":"should detect duplicate payslip for same employee + period"},{"ancestorTitles":["Payroll Store — Duplicate Prevention"],"duration":0,"failing":false,"failureDetails":[],"failureMessages":[],"fullName":"Payroll Store — Duplicate Prevention should allow payslip for same employee in different period","invocations":1,"location":null,"numPassingAsserts":1,"retryReasons":[],"startAt":1782452669421,"status":"passed","title":"should allow payslip for same employee in different period"},{"ancestorTitles":["Payroll Store — Duplicate Prevention"],"duration":1,"failing":false,"failureDetails":[],"failureMessages":[],"fullName":"Payroll Store — Duplicate Prevention should allow payslip for different employee in same period","invocations":1,"location":null,"numPassingAsserts":1,"retryReasons":[],"startAt":1782452669421,"status":"passed","title":"should allow payslip for different employee in same period"},{"ancestorTitles":["Payroll Store — Duplicate Prevention"],"duration":0,"failing":false,"failureDetails":[],"failureMessages":[],"fullName":"Payroll Store — Duplicate Prevention should distinguish between different pay frequencies for same period","invocations":1,"location":null,"numPassingAsserts":1,"retryReasons":[],"startAt":1782452669422,"status":"passed","title":"should distinguish between different pay frequencies for same period"},{"ancestorTitles":["13th Month Pay — Duplicate Prevention"],"duration":1,"failing":false,"failureDetails":[],"failureMessages":[],"fullName":"13th Month Pay — Duplicate Prevention should detect existing 13th month for same employee + year","invocations":1,"location":null,"numPassingAsserts":1,"retryReasons":[],"s
[...]
":1782452671561,"status":"passed","title":"displays notes in reverse-chronological order based on createdAt timestamp"},{"ancestorTitles":["Property 9: Closed cases have no write-action buttons rendered"],"duration":244,"failing":false,"failureDetails":[],"failureMessages":[],"fullName":"Property 9: Closed cases have no write-action buttons rendered hides all edit, delete, close case, and lifecycle action buttons when case is closed","invocations":1,"location":null,"numPassingAsserts":260,"retryReasons":[],"startAt":1782452672069,"status":"passed","title":"hides all edit, delete, close case, and lifecycle action buttons when case is closed"},{"ancestorTitles":["Property 10: Admin list row hides Edit and Delete for closed cases"],"duration":1223,"failing":false,"failureDetails":[],"failureMessages":[],"fullName":"Property 10: Admin list row hides Edit and Delete for closed cases hides Edit and Delete buttons for closed cases but displays them for other cases in the table","invocations":1,"location":null,"numPassingAsserts":246,"retryReasons":[],"startAt":1782452672314,"status":"passed","title":"hides Edit and Delete buttons for closed cases but displays them for other cases in the table"},{"ancestorTitles":["Property 11: Admin Dashboard awaiting count uses three-status set"],"duration":566,"failing":false,"failureDetails":[],"failureMessages":[],"fullName":"Property 11: Admin Dashboard awaiting count uses three-status set aggregates the awaiting response count using only nte_issued, nte_acknowledged, and no_response","invocations":1,"location":null,"numPassingAsserts":20,"retryReasons":[],"startAt":1782452673537,"status":"passed","title":"aggregates the awaiting response count using only nte_issued, nte_acknowledged, and no_response"},{"ancestorTitles":["Property 12: Employee needs-action count uses four-status set"],"duration":94,"failing":false,"failureDetails":[{}],"failureMessages":["Error: Property failed after 2 tests\n{ seed: 366879966, path: \"1:0\", endOnFailure: true }\nCounterexample: [[]]\nShrunk 1 time(s)\n\nHint: Enable verbose mode in order to have the list of all failing values encountered during the run\n    at buildError (C:\\Users\\Janeu\\Intern\\NexHRMS-v2\\node_modules\\fast-check\\lib\\cjs\\fast-check.js:2456:16)\n    at throwIfFailed (C:\\Users\\Janeu\\Intern\\NexHRMS-v2\\node_modules\\fast-check\\lib\\cjs\\fast-check.js:2463:8)\n    at reportRunDetails (C:\\Users\\Janeu\\Intern\\NexHRMS-v2\\node_modules\\fast-check\\lib\\cjs\\fast-check.js:2479:14)\n    at Module.assert (C:\\Users\\Janeu\\Intern\\NexHRMS-v2\\node_modules\\fast-check\\lib\\cjs\\fast-check.js:2536:7)\n    at Object.assert (C:\\Users\\Janeu\\Intern\\NexHRMS-v2\\src\\__tests__\\properties\\disciplinary-ui.property.test.ts:428:8)\n    at Promise.finally.completed (C:\\Users\\Janeu\\Intern\\NexHRMS-v2\\node_modules\\jest-circus\\build\\jestAdapterInit.js:1557:28)\n    at new Promise (<anonymous>)\n    at callAsyncCircusFn (C:\\Users\\Janeu\\Intern\\NexHRMS-v2\\node_modules\\jest-circus\\build\\jestAdapterInit.js:1497:10)\n    at _callCircusTest (C:\\Users\\Janeu\\Intern\\NexHRMS-v2\\node_modules\\jest-circus\\build\\jestAdapterInit.js:1007:40)\n    at processTicksAndRejections (node:internal/process/task_queues:104:5)\n    at _runTest (C:\\Users\\Janeu\\Intern\\NexHRMS-v2\\node_modules\\jest-circus\\build\\jestAdapterInit.js:947:3)\n    at C:\\Users\\Janeu\\Intern\\NexHRMS-v2\\node_modules\\jest-circus\\build\\jestAdapterInit.js:849:7\n    at _runTestsForDescribeBlock (C:\\Users\\Janeu\\Intern\\NexHRMS-v2\\node_modules\\jest-circus\\build\\jestAdapterInit.js:862:11)\n    at _runTestsForDescribeBlock (C:\\Users\\Janeu\\Intern\\NexHRMS-v2\\node_modules\\jest-circus\\build\\jestAdapterInit.js:857:11)\n    at run (C:\\Users\\Janeu\\Intern\\NexHRMS-v2\\node_modules\\jest-circus\\build\\jestAdapterInit.js:761:3)\n    at runAndTransformResultsToJestFormat (C:\\Users\\Janeu\\Intern\\NexHRMS-v2\\node_modules\\jest-circus\\build\\jestAdapterInit.js:1918:21)\n    at jestAdapter (C:\\Users\\Janeu\\Intern\\NexHRMS-v2\\node_modules\\jest-circus\\build\\runner.js:101:19)\n    at runTestInternal (C:\\Users\\Janeu\\Intern\\NexHRMS-v2\\node_modules\\jest-runner\\build\\testWorker.js:275:16)\n    at runTest (C:\\Users\\Janeu\\Intern\\NexHRMS-v2\\node_modules\\jest-runner\\build\\testWorker.js:343:7)\n    at Object.worker (C:\\Users\\Janeu\\Intern\\NexHRMS-v2\\node_modules\\jest-runner\\build\\testWorker.js:497:12)"],"fullName":"Property 12: Employee needs-action count uses four-status set aggregates the Needs Action count using nte_issued, nte_acknowledged, nod_issued, and nod_acknowledged","invocations":1,"location":null,"numPassingAsserts":2,"retryReasons":[],"startAt":1782452674103,"status":"failed","title":"aggregates the Needs Action count using nte_issued, nte_acknowledged, nod_issued, and nod_acknowledged"}],"endTime":1782452674225,"message":"  ● Property 12: Employee needs-action count uses four-status set › aggregates the Needs Action count using nte_issued, nte_acknowledged, nod_issued, and nod_acknowledged\n\n    Property failed after 2 tests\n    { seed: 366879966, path: \"1:0\", endOnFailure: true }\n    Counterexample: [[]]\n    Shrunk 1 time(s)\n\n    Hint: Enable verbose mode in order to have the list of all failing values encountered during the run\n\n    \u001b[0m \u001b[90m 426 |\u001b[39m describe(\u001b[32m\"Property 12: Employee needs-action count uses four-status set\"\u001b[39m\u001b[33m,\u001b[39m () \u001b[33m=>\u001b[39m {\n     \u001b[90m 427 |\u001b[39m   it(\u001b[32m\"aggregates the Needs Action count using nte_issued, nte_acknowledged, nod_issued, and nod_acknowledged\"\u001b[39m\u001b[33m,\u001b[39m () \u001b[33m=>\u001b[39m {\n    \u001b[31m\u001b[1m>\u001b[22m\u001b[39m\u001b[90m 428 |\u001b[39m     fc\u001b[33m.\u001b[39massert(\n     \u001b[90m     |\u001b[39m        \u001b[31m\u001b[1m^\u001b[22m\u001b[39m\n     \u001b[90m 429 |\u001b[39m       fc\u001b[33m.\u001b[39mproperty(\n     \u001b[90m 430 |\u001b[39m         fc\u001b[33m.\u001b[39marray(\n     \u001b[90m 431 |\u001b[39m           fc\u001b[33m.\u001b[39mrecord({\u001b[0m\n\n      at buildError (node_modules/fast-check/lib/cjs/fast-check.js:2456:16)\n      at throwIfFailed (node_modules/fast-check/lib/cjs/fast-check.js:2463:8)\n      at reportRunDetails (node_modules/fast-check/lib/cjs/fast-check.js:2479:14)\n      at Module.assert (node_modules/fast-check/lib/cjs/fast-check.js:2536:7)\n      at Object.assert (src/__tests__/properties/disciplinary-ui.property.test.ts:428:8)\n\n    Cause:\n    TestingLibraryElementError: Found multiple elements with the text: Needs My Action\n\n    Here are the matching elements:\n\n    Ignored nodes: comments, script, style\n    \u001b[36m<p\u001b[39m\n      \u001b[33mclass\u001b[39m=\u001b[32m\"text-sm text-muted-foreground\"\u001b[39m\n    \u001b[36m>\u001b[39m\n      \u001b[0mNeeds My Action\u001b[0m\n    \u001b[36m</p>\u001b[39m\n\n    Ignored nodes: comments, script, style\n    \u001b[36m<p\u001b[39m\n      \u001b[33mclass\u001b[39m=\u001b[32m\"text-sm text-muted-foreground\"\u001b[39m\n    \u001b[36m>\u001b[39m\n      \u001b[0mNeeds My Action\u001b[0m\n    \u001b[36m</p>\u001b[39m\n\n    (If this is intentional, then use the `*AllBy*` variant of the query (like `queryAllByText`, `getAllByText`, or `findAllByText`)).\n\n    Ignored nodes: comments, script, style\n    \u001b[36m<body>\u001b[39m\n      \u001b[36m<div />\u001b[39m\n      \u001b[36m<div />\u001b[39m\n      \u001b[36m<div>\u001b[39m\n        \u001b[36m<div\u001b[39m\n          \u001b[33mclass\u001b[39m=\u001b[32m\"space-y-6 p-4 md:p-6\"\u001b[39m\n        \u001b[36m>\u001b[39m\n          \u001b[36m<div\u001b[39m\n            \u001b[33mclass\u001b[39m=\u001b[32m\"flex flex-col sm:flex-row sm:items-center sm:justify-between gap-3\"\u001b[39m\n          \u001b[36m>\u001b[39m\n            \u001b[36m<div>\u001b[39m\n              \u001b[36m<h1\u001b[39m\n                \u001b[33mclass\u001b[39m=\u001b[32m\"text-2xl font-bold flex items-center gap-2\"\u001b[39m\n              \u001b[36m>\u001b[39m\n                \u001b[36m<svg\u001b[39m\n                  \u001b[33maria-hidden\u001b[39m=\u001b[32m\"true\"\u001b[39m\n                  \u001b[33mclass\u001b[39m=\u001b[32m\"lucide lucide-gavel h-6 w-6 text-primary\"\u001b[39m\n                  \u001b[33mfill\u001b[39m=\u001b[32m\"none\"\u001b[39m\n                  \u001b[33mheight\u001b[39m=\u001b[32m\"24\"\u001b[39m\n                  \u001b[33mstroke\u001b[39m=\u001b[32m\"currentColor\"\u001b[39m\n                  \u001b[33mstroke-linecap\u001b[39m=\u001b[32m\"round\"\u001b[39m\n                  \u001b[33mstroke-linejoin\u001b[39m=\u001b[32m\"round\"\u001b[39m\n                  \u001b[33mstroke-width\u001b[39m=\u001b[32m\"2\"\u001b[39m\n                  \u001b[33mviewBox\u001b[39m=\u001b[32m\"0 0 24 24\"\u001b[39m\n                  \u001b[33mwidth\u001b[39m=\u001b[32m\"24\"\u001b[39m\n                  \u001b[33mxmlns\u001b[39m=\u001b[32m\"http://www.w3.org/2000/svg\"\u001b[39m\n                \u001b[36m>\u001b[39m\n                  \u001b[36m<path\u001b[39m\n                    \u001b[33md\u001b[39m=\u001b[32m\"m14 13-8.381 8.38a1 1 0 0 1-3.001-3l8.384-8.381\"\u001b[39m\n                  \u001b[36m/>\u001b[39m\n                  \u001b[36m<path\u001b[39m\n                    \u001b[33md\u001b[39m=\u001b[32m\"m16 16 6-6\"\u001b[39m\n                  \u001b[36m/>\u001b[39m\n                  \u001b[36m<path\u001b[39m\n                    \u001b[33md\u001b[39m=\u001b[32m\"m21.5 10.5-8-8\"\u001b[39m\n                  \u001b[36m/>\u001b[39m\n                  \u001b[36m<path\u001b[39m\n                    \u001b[33md\u001b[39m=\u001b[32m\"m8 8 6-6\"\u001b[39m\n                  \u001b[36m/>\u001b[39m\n                  \u001b[36m<path\u001b[39m\n                    \u001b[33md\u001b[39m=\u001b[32m\"m8.5 7.5 8 8\"\u001b[39m\n                  \u001b[36m/>\u001b[39m\n                \u001b[36m</svg>\u001b[39m\n                \u001b[0m My Disciplinary Cases\u001b[0m\n              \u001b[36m</h1>\u001b[39m\n              \u001b[36m<p\u001b[39m\n                \u001b[33mclass\u001b[39m=\u001b[32m\"text-sm text-muted-foreground mt-1\"\u001b[39m\n              \u001b[36m>\u001b[39m\n                \u001b[0mCases, notices, explanations, and decisions filed to your employee record.\u001b[0m\n              \u001b[36m</p>\u001b[39m\n            \u001b[36m</div>\u001b[39m\n            \u001b[36m<button\u001b[39m\n              \u001b[33mclass\u001b[39m=\u001b[32m\"inline-flex items-center justify-center whitespace-nowrap text-sm font-medium transition-all disabled:pointer-events-none disabled:opacity-50 [&_svg]:pointer-events-none [&_svg:not([class*='size-'])]:size-4 shrink-0 [&_svg]:shrink-0 outline-none focus-visible:border-ring focus-visible:ring-ring/50 focus-visible:ring-[3px] aria-invalid:ring-destructive/20 dark:aria-invalid:ring-destructive/40 aria-invalid:border-destructive border bg-background shadow-xs hover:bg-accent hover:text-accent-foreground dark:bg-input/30 dark:border-input dark:hover:bg-input/50 h-8 rounded-md px-3 has-[>svg]:px-2.5 gap-1.5 w-full sm:w-auto\"\u001b[39m\n              \u001b[33mdata-size\u001b[39m=\u001b[32m\"sm\"\u001b[39m\n              \u001b[33mdata-slot\u001b[39m=\u001b[32m\"button\"\u001b[39m\n              \u001b[33mdata-variant\u001b[39m=\u001b[32m\"outline\"\u001b[39m\n              \u001b[33mdisabled\u001b[39m=\u001b[32m\"\"\u001b[39m\n            \u001b[36m>\u001b[39m\n              \u001b[36m<svg\u001b[39m\n                \u001b[33maria-hidden\u001b[39m=\u001b[32m\"true\"\u001b[39m\n                \u001b[33mclass\u001b[39m=\u001b[32m\"lucide lucide-refresh-cw h-4 w-4 animate-spin\"\u001b[39m\n                \u001b[33mfill\u001b[39m=\u001b[32m\"none\"\u001b[39m\n                \u001b[33mheight\u001b[39m=\u001b[32m\"24\"\u001b[39m\n                \u001b[33mstroke\u001b[39m=\u001b[32m\"currentColor\"\u001b[39m\n                \u001b[33mstroke-linecap\u001b[39m=\u001b[32m\"round\"\u001b[39m\n                \u001b[33mstroke-linejoin\u001b[39m=\u001b[32m\"round\"\u001b[39m\n                \u001b[33mstroke-width\u001b[39m=\u001b[32m\"2\"\u001b[39m\n                \u001b[33mviewBox\u001b[39m=\u001b[32m\"0 0 24 24\"\u001b[39m\n                \u001b[33mwidth\u001b[39m=\u001b[32m\"24\"\u001b[39m\n                \u001b[33mxmlns\u001b[39m=\u001b[32m\"http://www.w3.org/2000/svg\"\u001b[39m\n              \u001b[36m>\u001b[39m\n                \u001b[36m<path\u001b[39m\n                  \u001b[33md\u001b[39m=\u001b[32m\"M3 12a9 9 0 0 1 9-9 9.75 9.75 0 0 1 6.74 2.74L21 8\"\u001b[39m\n                \u001b[36m/>\u001b[39m\n                \u001b[36m<path\u001b[39m\n                  \u001b[33md\u001b[39m=\u001b[32m\"M21 3v5h-5\"\u001b[39m\n                \u001b[36m/>\u001b[39m\n                \u001b[36m<path\u001b[39m\n                  \u001b[33md\u001b[39m=\u001b[32m\"M21 12a9 9 0 0 1-9 9 9.75 9.75 0 0 1-6.74-2.74L3 16\"\u001b[39m\n                \u001b[36m/>\u001b[39m\n                \u001b[36m<path\u001b[39m\n                  \u001b[33md\u001b[39m=\u001b[32m\"M8 16H3v5\"\u001b[39m\n                \u001b[36m/>\u001b[39m\n              \u001b[36m</svg>\u001b[39m\n              \u001b[0mRefreshing…\u001b[0m\n            \u001b[36m</button>\u001b[39m\n          \u001b[36m</div>\u001b[39m\n          \u001b[36m<div\u001b[39m\n            \u001b[33mclass\u001b[39m=\u001b[32m\"grid grid-cols-1 sm:grid-cols-3 gap-4\"\u001b[39m\n          \u001b[36m>\u001b[39m\n            \u001b[36m<div\u001b[39m\n              \u001b[33mclass\u001b[39m=\u001b[32m\"bg-card text-card-foreground flex flex-col gap-6 rounded-xl py-6 shadow-sm border border-border/50\"\u001b[39m\n              \u001b[33mdata-slot\u001b[39m=\u001b[32m\"card\"\u001b[39m\n            \u001b[36m>\u001b[39m\n              \u001b[36m<div\u001b[39m\n                \u001b[33mclass\u001b[39m=\u001b[32m\"p-5\"\u001b[39m\n                \u001b[33mdata-slot\u001b[39m=\u001b[32m\"card-content\"\u001b[39m\n              \u001b[36m>\u001b[39m\n                \u001b[36m<div\u001b[39m\n                  \u001b[33mclass\u001b[39m=\u001b[32m\"flex items-center justify-between\"\u001b[39m\n                \u001b[36m>\u001b[39m\n                  \u001b[36m<div>\u001b[39m\n                    \u001b[36m<p\u001b[39m\n                      \u001b[33mclass\u001b[39m=\u001b[32m\"text-sm text-muted-foreground\"\u001b[39m\n                    \u001b[36m>\u001b[39m\n                      \u001b[0mOpen Cases\u001b[0m\n                    \u001b[36m</p>\u001b[39m\n                    \u001b[36m<p\u001b[39m\n                      \u001b[33mclass\u001b[39m=\u001b[32m\"text-3xl font-bold mt-1\"\u001b[39m\n                    \u001b[36m>\u001b[39m\n                      \u001b[0m0\u001b[0m\n                    \u001b[36m</p>\u001b[39m\n                  \u001b[36m</div>\u001b[39m\n                  \u001b[36m<div\u001b[39m\n                    \u001b[33mclass\u001b[39m=\u001b[32m\"rounded-lg p-2 text-amber-600 bg-amber-500/10\"\u001b[39m\n                  \u001b[36m>\u001b[39m\n                    \u001b[36m<svg\u001b[39m\n                      \u001b[33maria-hidden\u001b[39m=\u001b[32m\"true\"\u001b[39m\n                      \u001b[33mclass\u001b[39m=\u001b[32m\"lucide lucide-triangle-alert h-5 w-5\"\u001b[39m\n                      \u001b[33mfill\u001b[39m=\u001b[32m\"none\"\u001b[39m\n                      \u001b[33mheight\u001b[39m=\u001b[32m\"24\"\u001b[39m\n                      \u001b[33mstroke\u001b[39m=\u001b[32m\"currentColor\"\u001b[39m\n                      \u001b[33mstroke-linecap\u001b[39m=\u001b[32m\"round\"\u001b[39m\n                      \u001b[33mstroke-linejoin\u001b[39m=\u001b[32m\"round\"\u001b[39m\n                      \u001b[33mstroke-width\u001b[39m=\u001b[32m\"2\"\u001b[39m\n                      \u001b[33mviewBox\u001b[39m=\u001b[32m\"0 0 24 24\"\u001b[39m\n                      \u001b[33mwidth\u001b[39m=\u001b[32m\"24\"\u001b[39m\n                      \u001b[33mxmlns\u001b[39m=\u001b[32m\"http://www.w3.org/2000/svg\"\u001b[39m\n                    \u001b[36m>\u001b[39m\n                      \u001b[36m<path\u001b[39m\n                        \u001b[33md\u001b[39m=\u001b[32m\"m21.73 18-8-14a2 2 0 0 0-3.48 0l-8 14A2 2 0 0 0 4 21h16a2 2 0 0 0 1.73-3\"\u001b[39m\n                      \u001b[36m/>\u001b[39m\n                      \u001b[36m<path\u001b[39m\n                        \u001b[33md\u001b[39m=\u001b[32m\"M12 9v4\"\u001b[39m\n                      \u001b[36m/>\u001b[39m\n                      \u001b[36m<path\u001b[39m\n                        \u001b[33md\u001b[39m=\u001b[32m\"M12 17h.01\"\u001b[39m\n                      \u001b[36m/>\u001b[39m\n                    \u001b[36m</svg>\u001b[39m\n                  \u001b[36m</div>\u001b[39m\n                \u001b[36m</div>\u001b[39m\n              \u001b[36m</div>\u001b[39m\n            \u001b[36m</div>\u001b[39m\n            \u001b[36m<div\u001b[39m\n              \u001b[33mclass\u001b[39m=\u001b[32m\"bg-card text-card-foreground flex flex-col gap-6 rounded-xl py-6 shadow-sm border border-border/50\"\u001b[39m\n              \u001b[33mdata-slot\u001b[39m=\u001b[32m\"card\"\u001b[39m\n            \u001b[36m>\u001b[39m\n              \u001b[36m<div\u001b[39m\n                \u001b[33mclass\u001b[39m=\u001b[32m\"p-5\"\u001b[39m\n     ...\n\n    \u001b[0m \u001b[90m 470 |\u001b[39m           \u001b[90m// Render employee view and assert Needs My Action count\u001b[39m\n     \u001b[90m 471 |\u001b[39m           \u001b[36mconst\u001b[39m { unmount\u001b[33m:\u001b[39m unmountView } \u001b[33m=\u001b[39m render(\u001b[33mReact\u001b[39m\u001b[33m.\u001b[39mcreateElement(\u001b[33mDisciplinaryEmployeeView\u001b[39m))\u001b[33m;\u001b[39m\n    \u001b[31m\u001b[1m>\u001b[22m\u001b[39m\u001b[90m 472 |\u001b[39m           \u001b[36mconst\u001b[39m labelEl \u001b[33m=\u001b[39m screen\u001b[33m.\u001b[39mgetByText(\u001b[32m\"Needs My Action\"\u001b[39m)\u001b[33m;\u001b[39m\n     \u001b[90m     |\u001b[39m                                  \u001b[31m\u001b[1m^\u001b[22m\u001b[39m\n     \u001b[90m 473 |\u001b[39m           \u001b[36mconst\u001b[39m cardContainer \u001b[33m=\u001b[39m labelEl\u001b[33m.\u001b[39mclosest(\u001b[32m\"div\"\u001b[39m)\u001b[33m;\u001b[39m\n     \u001b[90m 474 |\u001b[39m           \u001b[36mconst\u001b[39m valueEl \u001b[33m=\u001b[39m cardContainer\u001b[33m?\u001b[39m\u001b[33m.\u001b[39mquerySelector(\u001b[32m\".text-3xl\"\u001b[39m)\u001b[33m;\u001b[39m\n     \u001b[90m 475 |\u001b[39m           expect(valueEl\u001b[33m?\u001b[39m\u001b[33m.\u001b[39mtextContent)\u001b[33m.\u001b[39mtoBe(\u001b[33mString\u001b[39m(needsActionCount))\u001b[33m;\u001b[39m\u001b[0m\n\n      at Object.getElementError (node_modules/@testing-library/dom/dist/config.js:37:19)\n      at getElementError (node_modules/@testing-library/dom/dist/query-helpers.js:20:35)\n      at getMultipleElementsFoundError (node_modules/@testing-library/dom/dist/query-helpers.js:23:10)\n      at node_modules/@testing-library/dom/dist/query-helpers.js:55:13\n      at node_modules/@testing-library/dom/dist/query-helpers.js:95:19\n      at getByText (src/__tests__/properties/disciplinary-ui.property.test.ts:472:34)\n      at Property.predicate (node_modules/fast-check/lib/cjs/fast-check.js:1348:99)\n      at Property.run (node_modules/fast-check/lib/cjs/fast-check.js:1317:24)\n      at runIt (node_modules/fast-check/lib/cjs/fast-check.js:2499:24)\n      at check (node_modules/fast-check/lib/cjs/fast-check.js:2531:204)\n      at Module.assert (node_modules/fast-check/lib/cjs/fast-check.js:2534:14)\n      at Object.assert (src/__tests__/properties/disciplinary-ui.property.test.ts:428:8)\n","name":"C:\\Users\\Janeu\\Intern\\NexHRMS-v2\\src\\__tests__\\properties\\disciplinary-ui.property.test.ts","startTime":1782452668945,"status":"failed","summary":""}],"wasInterrupted":false}
